{"/home/simamnkele/Bb-SD-Projekt/js/dashboard.js": {"path":"/home/simamnkele/Bb-SD-Projekt/js/dashboard.js","statementMap":{"0":{"start":{"line":3,"column":23},"end":{"line":11,"column":1}},"1":{"start":{"line":15,"column":12},"end":{"line":15,"column":50}},"2":{"start":{"line":16,"column":13},"end":{"line":16,"column":28}},"3":{"start":{"line":17,"column":11},"end":{"line":17,"column":34}},"4":{"start":{"line":22,"column":28},"end":{"line":22,"column":64}},"5":{"start":{"line":23,"column":29},"end":{"line":23,"column":66}},"6":{"start":{"line":24,"column":30},"end":{"line":24,"column":68}},"7":{"start":{"line":27,"column":4},"end":{"line":27,"column":76}},"8":{"start":{"line":28,"column":4},"end":{"line":28,"column":52}},"9":{"start":{"line":31,"column":4},"end":{"line":35,"column":5}},"10":{"start":{"line":32,"column":8},"end":{"line":32,"column":46}},"11":{"start":{"line":34,"column":8},"end":{"line":34,"column":63}},"12":{"start":{"line":38,"column":4},"end":{"line":38,"column":69}},"13":{"start":{"line":43,"column":22},"end":{"line":43,"column":59}},"14":{"start":{"line":44,"column":4},"end":{"line":56,"column":5}},"15":{"start":{"line":45,"column":8},"end":{"line":55,"column":11}},"16":{"start":{"line":46,"column":12},"end":{"line":54,"column":15}},"17":{"start":{"line":48,"column":16},"end":{"line":48,"column":50}},"18":{"start":{"line":50,"column":16},"end":{"line":50,"column":66}},"19":{"start":{"line":52,"column":16},"end":{"line":52,"column":54}},"20":{"start":{"line":53,"column":16},"end":{"line":53,"column":58}},"21":{"start":{"line":61,"column":4},"end":{"line":119,"column":7}},"22":{"start":{"line":62,"column":8},"end":{"line":118,"column":9}},"23":{"start":{"line":64,"column":12},"end":{"line":64,"column":53}},"24":{"start":{"line":67,"column":12},"end":{"line":112,"column":15}},"25":{"start":{"line":69,"column":29},"end":{"line":69,"column":70}},"26":{"start":{"line":72,"column":33},"end":{"line":78,"column":17}},"27":{"start":{"line":79,"column":16},"end":{"line":79,"column":73}},"28":{"start":{"line":82,"column":16},"end":{"line":82,"column":38}},"29":{"start":{"line":85,"column":36},"end":{"line":85,"column":60}},"30":{"start":{"line":86,"column":37},"end":{"line":86,"column":42}},"31":{"start":{"line":87,"column":34},"end":{"line":87,"column":36}},"32":{"start":{"line":90,"column":16},"end":{"line":99,"column":17}},"33":{"start":{"line":92,"column":24},"end":{"line":92,"column":69}},"34":{"start":{"line":93,"column":24},"end":{"line":93,"column":30}},"35":{"start":{"line":95,"column":24},"end":{"line":95,"column":72}},"36":{"start":{"line":96,"column":24},"end":{"line":96,"column":30}},"37":{"start":{"line":98,"column":24},"end":{"line":98,"column":63}},"38":{"start":{"line":102,"column":16},"end":{"line":105,"column":17}},"39":{"start":{"line":103,"column":20},"end":{"line":103,"column":55}},"40":{"start":{"line":104,"column":20},"end":{"line":104,"column":27}},"41":{"start":{"line":108,"column":16},"end":{"line":108,"column":41}},"42":{"start":{"line":111,"column":16},"end":{"line":111,"column":64}},"43":{"start":{"line":116,"column":12},"end":{"line":116,"column":45}},"44":{"start":{"line":117,"column":12},"end":{"line":117,"column":56}},"45":{"start":{"line":122,"column":4},"end":{"line":122,"column":18}},"46":{"start":{"line":128,"column":26},"end":{"line":128,"column":70}},"47":{"start":{"line":129,"column":25},"end":{"line":129,"column":65}},"48":{"start":{"line":132,"column":4},"end":{"line":143,"column":5}},"49":{"start":{"line":133,"column":8},"end":{"line":142,"column":9}},"50":{"start":{"line":135,"column":16},"end":{"line":135,"column":73}},"51":{"start":{"line":136,"column":16},"end":{"line":136,"column":22}},"52":{"start":{"line":138,"column":16},"end":{"line":138,"column":76}},"53":{"start":{"line":139,"column":16},"end":{"line":139,"column":22}},"54":{"start":{"line":141,"column":16},"end":{"line":141,"column":78}},"55":{"start":{"line":146,"column":4},"end":{"line":210,"column":5}},"56":{"start":{"line":147,"column":8},"end":{"line":209,"column":9}},"57":{"start":{"line":150,"column":16},"end":{"line":175,"column":18}},"58":{"start":{"line":176,"column":16},"end":{"line":176,"column":22}},"59":{"start":{"line":179,"column":16},"end":{"line":204,"column":18}},"60":{"start":{"line":205,"column":16},"end":{"line":205,"column":22}},"61":{"start":{"line":208,"column":16},"end":{"line":208,"column":22}},"62":{"start":{"line":214,"column":0},"end":{"line":214,"column":61}}},"fnMap":{"0":{"name":"displayUserInfo","decl":{"start":{"line":20,"column":9},"end":{"line":20,"column":24}},"loc":{"start":{"line":20,"column":31},"end":{"line":39,"column":1}},"line":20},"1":{"name":"setupLogout","decl":{"start":{"line":42,"column":9},"end":{"line":42,"column":20}},"loc":{"start":{"line":42,"column":23},"end":{"line":57,"column":1}},"line":42},"2":{"name":"(anonymous_2)","decl":{"start":{"line":45,"column":44},"end":{"line":45,"column":45}},"loc":{"start":{"line":45,"column":50},"end":{"line":55,"column":9}},"line":45},"3":{"name":"(anonymous_3)","decl":{"start":{"line":46,"column":32},"end":{"line":46,"column":33}},"loc":{"start":{"line":46,"column":38},"end":{"line":51,"column":13}},"line":46},"4":{"name":"(anonymous_4)","decl":{"start":{"line":51,"column":21},"end":{"line":51,"column":22}},"loc":{"start":{"line":51,"column":32},"end":{"line":54,"column":13}},"line":51},"5":{"name":"initDashboard","decl":{"start":{"line":60,"column":9},"end":{"line":60,"column":22}},"loc":{"start":{"line":60,"column":25},"end":{"line":123,"column":1}},"line":60},"6":{"name":"(anonymous_6)","decl":{"start":{"line":61,"column":28},"end":{"line":61,"column":29}},"loc":{"start":{"line":61,"column":38},"end":{"line":119,"column":5}},"line":61},"7":{"name":"(anonymous_7)","decl":{"start":{"line":67,"column":41},"end":{"line":67,"column":42}},"loc":{"start":{"line":67,"column":60},"end":{"line":110,"column":13}},"line":67},"8":{"name":"(anonymous_8)","decl":{"start":{"line":110,"column":21},"end":{"line":110,"column":22}},"loc":{"start":{"line":110,"column":32},"end":{"line":112,"column":13}},"line":110},"9":{"name":"customizeDashboard","decl":{"start":{"line":126,"column":9},"end":{"line":126,"column":27}},"loc":{"start":{"line":126,"column":34},"end":{"line":211,"column":1}},"line":126}},"branchMap":{"0":{"loc":{"start":{"line":27,"column":46},"end":{"line":27,"column":72}},"type":"binary-expr","locations":[{"start":{"line":27,"column":46},"end":{"line":27,"column":62}},{"start":{"line":27,"column":66},"end":{"line":27,"column":72}}],"line":27},"1":{"loc":{"start":{"line":28,"column":35},"end":{"line":28,"column":51}},"type":"binary-expr","locations":[{"start":{"line":28,"column":35},"end":{"line":28,"column":45}},{"start":{"line":28,"column":49},"end":{"line":28,"column":51}}],"line":28},"2":{"loc":{"start":{"line":31,"column":4},"end":{"line":35,"column":5}},"type":"if","locations":[{"start":{"line":31,"column":4},"end":{"line":35,"column":5}},{"start":{"line":33,"column":11},"end":{"line":35,"column":5}}],"line":31},"3":{"loc":{"start":{"line":38,"column":24},"end":{"line":38,"column":50}},"type":"binary-expr","locations":[{"start":{"line":38,"column":24},"end":{"line":38,"column":40}},{"start":{"line":38,"column":44},"end":{"line":38,"column":50}}],"line":38},"4":{"loc":{"start":{"line":44,"column":4},"end":{"line":56,"column":5}},"type":"if","locations":[{"start":{"line":44,"column":4},"end":{"line":56,"column":5}},{"start":{},"end":{}}],"line":44},"5":{"loc":{"start":{"line":62,"column":8},"end":{"line":118,"column":9}},"type":"if","locations":[{"start":{"line":62,"column":8},"end":{"line":118,"column":9}},{"start":{"line":114,"column":15},"end":{"line":118,"column":9}}],"line":62},"6":{"loc":{"start":{"line":69,"column":29},"end":{"line":69,"column":70}},"type":"binary-expr","locations":[{"start":{"line":69,"column":29},"end":{"line":69,"column":54}},{"start":{"line":69,"column":58},"end":{"line":69,"column":70}}],"line":69},"7":{"loc":{"start":{"line":90,"column":16},"end":{"line":99,"column":17}},"type":"switch","locations":[{"start":{"line":91,"column":20},"end":{"line":93,"column":30}},{"start":{"line":94,"column":20},"end":{"line":96,"column":30}},{"start":{"line":97,"column":20},"end":{"line":98,"column":63}}],"line":90},"8":{"loc":{"start":{"line":102,"column":16},"end":{"line":105,"column":17}},"type":"if","locations":[{"start":{"line":102,"column":16},"end":{"line":105,"column":17}},{"start":{},"end":{}}],"line":102},"9":{"loc":{"start":{"line":132,"column":4},"end":{"line":143,"column":5}},"type":"if","locations":[{"start":{"line":132,"column":4},"end":{"line":143,"column":5}},{"start":{},"end":{}}],"line":132},"10":{"loc":{"start":{"line":133,"column":8},"end":{"line":142,"column":9}},"type":"switch","locations":[{"start":{"line":134,"column":12},"end":{"line":136,"column":22}},{"start":{"line":137,"column":12},"end":{"line":139,"column":22}},{"start":{"line":140,"column":12},"end":{"line":141,"column":78}}],"line":133},"11":{"loc":{"start":{"line":146,"column":4},"end":{"line":210,"column":5}},"type":"if","locations":[{"start":{"line":146,"column":4},"end":{"line":210,"column":5}},{"start":{},"end":{}}],"line":146},"12":{"loc":{"start":{"line":147,"column":8},"end":{"line":209,"column":9}},"type":"switch","locations":[{"start":{"line":148,"column":12},"end":{"line":176,"column":22}},{"start":{"line":177,"column":12},"end":{"line":205,"column":22}},{"start":{"line":206,"column":12},"end":{"line":208,"column":22}}],"line":147}},"s":{"0":2,"1":2,"2":2,"3":2,"4":0,"5":0,"6":0,"7":0,"8":0,"9":0,"10":0,"11":0,"12":0,"13":0,"14":0,"15":0,"16":0,"17":0,"18":0,"19":0,"20":0,"21":0,"22":0,"23":0,"24":0,"25":0,"26":0,"27":0,"28":0,"29":0,"30":0,"31":0,"32":0,"33":0,"34":0,"35":0,"36":0,"37":0,"38":0,"39":0,"40":0,"41":0,"42":0,"43":0,"44":0,"45":0,"46":0,"47":0,"48":0,"49":0,"50":0,"51":0,"52":0,"53":0,"54":0,"55":0,"56":0,"57":0,"58":0,"59":0,"60":0,"61":0,"62":2},"f":{"0":0,"1":0,"2":0,"3":0,"4":0,"5":0,"6":0,"7":0,"8":0,"9":0},"b":{"0":[0,0],"1":[0,0],"2":[0,0],"3":[0,0],"4":[0,0],"5":[0,0],"6":[0,0],"7":[0,0,0],"8":[0,0],"9":[0,0],"10":[0,0,0],"11":[0,0],"12":[0,0,0]},"_coverageSchema":"1a1c01bbd47fc00a2c39e90264f33305004495a9","hash":"52f1685c13179f48ed29b55420440cf5327bc9cb"}
,"/home/simamnkele/Bb-SD-Projekt/js/login.js": {"path":"/home/simamnkele/Bb-SD-Projekt/js/login.js","statementMap":{"0":{"start":{"line":9,"column":23},"end":{"line":17,"column":1}},"1":{"start":{"line":24,"column":22},"end":{"line":24,"column":60}},"2":{"start":{"line":25,"column":13},"end":{"line":25,"column":28}},"3":{"start":{"line":26,"column":11},"end":{"line":26,"column":31}},"4":{"start":{"line":32,"column":4},"end":{"line":71,"column":9}},"5":{"start":{"line":33,"column":6},"end":{"line":70,"column":7}},"6":{"start":{"line":34,"column":23},"end":{"line":34,"column":57}},"7":{"start":{"line":35,"column":28},"end":{"line":35,"column":46}},"8":{"start":{"line":37,"column":8},"end":{"line":64,"column":9}},"9":{"start":{"line":38,"column":23},"end":{"line":38,"column":41}},"10":{"start":{"line":40,"column":10},"end":{"line":59,"column":11}},"11":{"start":{"line":41,"column":12},"end":{"line":41,"column":40}},"12":{"start":{"line":45,"column":15},"end":{"line":59,"column":11}},"13":{"start":{"line":46,"column":12},"end":{"line":46,"column":45}},"14":{"start":{"line":49,"column":15},"end":{"line":59,"column":11}},"15":{"start":{"line":50,"column":12},"end":{"line":50,"column":53}},"16":{"start":{"line":51,"column":17},"end":{"line":59,"column":11}},"17":{"start":{"line":52,"column":12},"end":{"line":52,"column":55}},"18":{"start":{"line":54,"column":15},"end":{"line":59,"column":11}},"19":{"start":{"line":55,"column":12},"end":{"line":55,"column":53}},"20":{"start":{"line":57,"column":15},"end":{"line":59,"column":11}},"21":{"start":{"line":58,"column":12},"end":{"line":58,"column":43}},"22":{"start":{"line":61,"column":13},"end":{"line":64,"column":9}},"23":{"start":{"line":62,"column":12},"end":{"line":62,"column":66}},"24":{"start":{"line":63,"column":12},"end":{"line":63,"column":42}},"25":{"start":{"line":66,"column":8},"end":{"line":66,"column":20}},"26":{"start":{"line":68,"column":8},"end":{"line":68,"column":67}},"27":{"start":{"line":69,"column":8},"end":{"line":69,"column":20}},"28":{"start":{"line":76,"column":0},"end":{"line":97,"column":3}},"29":{"start":{"line":77,"column":21},"end":{"line":77,"column":59}},"30":{"start":{"line":79,"column":4},"end":{"line":96,"column":11}},"31":{"start":{"line":81,"column":25},"end":{"line":81,"column":36}},"32":{"start":{"line":82,"column":32},"end":{"line":82,"column":61}},"33":{"start":{"line":83,"column":12},"end":{"line":83,"column":63}},"34":{"start":{"line":84,"column":12},"end":{"line":84,"column":58}},"35":{"start":{"line":86,"column":12},"end":{"line":86,"column":64}},"36":{"start":{"line":89,"column":12},"end":{"line":89,"column":49}},"37":{"start":{"line":90,"column":12},"end":{"line":90,"column":52}},"38":{"start":{"line":93,"column":12},"end":{"line":95,"column":15}},"39":{"start":{"line":94,"column":16},"end":{"line":94,"column":54}},"40":{"start":{"line":100,"column":0},"end":{"line":102,"column":3}},"41":{"start":{"line":101,"column":4},"end":{"line":101,"column":26}},"42":{"start":{"line":105,"column":0},"end":{"line":119,"column":3}},"43":{"start":{"line":106,"column":4},"end":{"line":118,"column":5}},"44":{"start":{"line":107,"column":8},"end":{"line":107,"column":48}},"45":{"start":{"line":110,"column":8},"end":{"line":110,"column":103}},"46":{"start":{"line":111,"column":8},"end":{"line":115,"column":11}},"47":{"start":{"line":114,"column":12},"end":{"line":114,"column":63}},"48":{"start":{"line":117,"column":8},"end":{"line":117,"column":42}}},"fnMap":{"0":{"name":"redirectUser","decl":{"start":{"line":31,"column":9},"end":{"line":31,"column":21}},"loc":{"start":{"line":31,"column":30},"end":{"line":72,"column":1}},"line":31},"1":{"name":"(anonymous_1)","decl":{"start":{"line":32,"column":12},"end":{"line":32,"column":13}},"loc":{"start":{"line":32,"column":24},"end":{"line":71,"column":5}},"line":32},"2":{"name":"(anonymous_2)","decl":{"start":{"line":76,"column":66},"end":{"line":76,"column":67}},"loc":{"start":{"line":76,"column":72},"end":{"line":97,"column":1}},"line":76},"3":{"name":"(anonymous_3)","decl":{"start":{"line":80,"column":14},"end":{"line":80,"column":15}},"loc":{"start":{"line":80,"column":32},"end":{"line":87,"column":9}},"line":80},"4":{"name":"(anonymous_4)","decl":{"start":{"line":88,"column":15},"end":{"line":88,"column":16}},"loc":{"start":{"line":88,"column":26},"end":{"line":96,"column":9}},"line":88},"5":{"name":"(anonymous_5)","decl":{"start":{"line":93,"column":33},"end":{"line":93,"column":34}},"loc":{"start":{"line":93,"column":40},"end":{"line":95,"column":13}},"line":93},"6":{"name":"(anonymous_6)","decl":{"start":{"line":100,"column":71},"end":{"line":100,"column":72}},"loc":{"start":{"line":100,"column":77},"end":{"line":102,"column":1}},"line":100},"7":{"name":"(anonymous_7)","decl":{"start":{"line":105,"column":24},"end":{"line":105,"column":25}},"loc":{"start":{"line":105,"column":34},"end":{"line":119,"column":1}},"line":105},"8":{"name":"(anonymous_8)","decl":{"start":{"line":113,"column":17},"end":{"line":113,"column":18}},"loc":{"start":{"line":113,"column":26},"end":{"line":115,"column":9}},"line":113}},"branchMap":{"0":{"loc":{"start":{"line":37,"column":8},"end":{"line":64,"column":9}},"type":"if","locations":[{"start":{"line":37,"column":8},"end":{"line":64,"column":9}},{"start":{"line":61,"column":13},"end":{"line":64,"column":9}}],"line":37},"1":{"loc":{"start":{"line":40,"column":10},"end":{"line":59,"column":11}},"type":"if","locations":[{"start":{"line":40,"column":10},"end":{"line":59,"column":11}},{"start":{"line":45,"column":15},"end":{"line":59,"column":11}}],"line":40},"2":{"loc":{"start":{"line":45,"column":15},"end":{"line":59,"column":11}},"type":"if","locations":[{"start":{"line":45,"column":15},"end":{"line":59,"column":11}},{"start":{"line":49,"column":15},"end":{"line":59,"column":11}}],"line":45},"3":{"loc":{"start":{"line":45,"column":19},"end":{"line":45,"column":71}},"type":"binary-expr","locations":[{"start":{"line":45,"column":19},"end":{"line":45,"column":44}},{"start":{"line":45,"column":48},"end":{"line":45,"column":71}}],"line":45},"4":{"loc":{"start":{"line":49,"column":15},"end":{"line":59,"column":11}},"type":"if","locations":[{"start":{"line":49,"column":15},"end":{"line":59,"column":11}},{"start":{"line":51,"column":17},"end":{"line":59,"column":11}}],"line":49},"5":{"loc":{"start":{"line":51,"column":17},"end":{"line":59,"column":11}},"type":"if","locations":[{"start":{"line":51,"column":17},"end":{"line":59,"column":11}},{"start":{"line":54,"column":15},"end":{"line":59,"column":11}}],"line":51},"6":{"loc":{"start":{"line":51,"column":21},"end":{"line":51,"column":57}},"type":"binary-expr","locations":[{"start":{"line":51,"column":21},"end":{"line":51,"column":36}},{"start":{"line":51,"column":40},"end":{"line":51,"column":57}}],"line":51},"7":{"loc":{"start":{"line":54,"column":15},"end":{"line":59,"column":11}},"type":"if","locations":[{"start":{"line":54,"column":15},"end":{"line":59,"column":11}},{"start":{"line":57,"column":15},"end":{"line":59,"column":11}}],"line":54},"8":{"loc":{"start":{"line":54,"column":19},"end":{"line":54,"column":53}},"type":"binary-expr","locations":[{"start":{"line":54,"column":19},"end":{"line":54,"column":34}},{"start":{"line":54,"column":38},"end":{"line":54,"column":53}}],"line":54},"9":{"loc":{"start":{"line":57,"column":15},"end":{"line":59,"column":11}},"type":"if","locations":[{"start":{"line":57,"column":15},"end":{"line":59,"column":11}},{"start":{},"end":{}}],"line":57},"10":{"loc":{"start":{"line":61,"column":13},"end":{"line":64,"column":9}},"type":"if","locations":[{"start":{"line":61,"column":13},"end":{"line":64,"column":9}},{"start":{},"end":{}}],"line":61},"11":{"loc":{"start":{"line":106,"column":4},"end":{"line":118,"column":5}},"type":"if","locations":[{"start":{"line":106,"column":4},"end":{"line":118,"column":5}},{"start":{"line":116,"column":11},"end":{"line":118,"column":5}}],"line":106}},"s":{"0":6,"1":6,"2":6,"3":6,"4":5,"5":5,"6":5,"7":5,"8":5,"9":4,"10":4,"11":1,"12":3,"13":1,"14":2,"15":1,"16":1,"17":0,"18":1,"19":0,"20":1,"21":1,"22":1,"23":1,"24":1,"25":0,"26":0,"27":0,"28":6,"29":5,"30":5,"31":5,"32":5,"33":5,"34":5,"35":5,"36":0,"37":0,"38":0,"39":0,"40":6,"41":1,"42":6,"43":6,"44":6,"45":6,"46":6,"47":0,"48":0},"f":{"0":5,"1":5,"2":5,"3":5,"4":0,"5":0,"6":1,"7":6,"8":0},"b":{"0":[4,1],"1":[1,3],"2":[1,2],"3":[3,1],"4":[1,1],"5":[0,1],"6":[1,0],"7":[0,1],"8":[1,0],"9":[1,0],"10":[1,0],"11":[6,0]},"_coverageSchema":"1a1c01bbd47fc00a2c39e90264f33305004495a9","hash":"c041e0de99cdeeabc25c0c032157bbc7bef5f748"}
,"/home/simamnkele/Bb-SD-Projekt/js/script.js": {"path":"/home/simamnkele/Bb-SD-Projekt/js/script.js","statementMap":{"0":{"start":{"line":5,"column":0},"end":{"line":819,"column":3}},"1":{"start":{"line":6,"column":23},"end":{"line":6,"column":61}},"2":{"start":{"line":7,"column":20},"end":{"line":7,"column":54}},"3":{"start":{"line":8,"column":25},"end":{"line":8,"column":65}},"4":{"start":{"line":9,"column":27},"end":{"line":9,"column":69}},"5":{"start":{"line":11,"column":31},"end":{"line":11,"column":77}},"6":{"start":{"line":12,"column":30},"end":{"line":12,"column":75}},"7":{"start":{"line":13,"column":35},"end":{"line":13,"column":86}},"8":{"start":{"line":15,"column":29},"end":{"line":15,"column":74}},"9":{"start":{"line":16,"column":38},"end":{"line":16,"column":93}},"10":{"start":{"line":17,"column":31},"end":{"line":17,"column":78}},"11":{"start":{"line":18,"column":30},"end":{"line":18,"column":76}},"12":{"start":{"line":20,"column":28},"end":{"line":20,"column":72}},"13":{"start":{"line":22,"column":24},"end":{"line":22,"column":63}},"14":{"start":{"line":23,"column":26},"end":{"line":23,"column":67}},"15":{"start":{"line":24,"column":30},"end":{"line":24,"column":78}},"16":{"start":{"line":25,"column":24},"end":{"line":25,"column":63}},"17":{"start":{"line":26,"column":26},"end":{"line":26,"column":67}},"18":{"start":{"line":28,"column":30},"end":{"line":28,"column":76}},"19":{"start":{"line":29,"column":32},"end":{"line":29,"column":80}},"20":{"start":{"line":30,"column":29},"end":{"line":30,"column":74}},"21":{"start":{"line":31,"column":30},"end":{"line":31,"column":70}},"22":{"start":{"line":32,"column":29},"end":{"line":32,"column":74}},"23":{"start":{"line":34,"column":28},"end":{"line":43,"column":5}},"24":{"start":{"line":46,"column":4},"end":{"line":52,"column":5}},"25":{"start":{"line":47,"column":8},"end":{"line":51,"column":11}},"26":{"start":{"line":48,"column":12},"end":{"line":48,"column":44}},"27":{"start":{"line":49,"column":12},"end":{"line":49,"column":51}},"28":{"start":{"line":50,"column":12},"end":{"line":50,"column":56}},"29":{"start":{"line":56,"column":8},"end":{"line":56,"column":43}},"30":{"start":{"line":57,"column":8},"end":{"line":57,"column":50}},"31":{"start":{"line":58,"column":8},"end":{"line":58,"column":55}},"32":{"start":{"line":61,"column":4},"end":{"line":63,"column":5}},"33":{"start":{"line":62,"column":8},"end":{"line":62,"column":65}},"34":{"start":{"line":65,"column":4},"end":{"line":67,"column":5}},"35":{"start":{"line":66,"column":8},"end":{"line":66,"column":67}},"36":{"start":{"line":70,"column":4},"end":{"line":74,"column":5}},"37":{"start":{"line":71,"column":8},"end":{"line":73,"column":11}},"38":{"start":{"line":72,"column":12},"end":{"line":72,"column":54}},"39":{"start":{"line":77,"column":4},"end":{"line":81,"column":5}},"40":{"start":{"line":78,"column":8},"end":{"line":80,"column":11}},"41":{"start":{"line":79,"column":12},"end":{"line":79,"column":57}},"42":{"start":{"line":84,"column":4},"end":{"line":88,"column":5}},"43":{"start":{"line":85,"column":8},"end":{"line":87,"column":11}},"44":{"start":{"line":86,"column":12},"end":{"line":86,"column":55}},"45":{"start":{"line":91,"column":4},"end":{"line":96,"column":5}},"46":{"start":{"line":92,"column":8},"end":{"line":95,"column":11}},"47":{"start":{"line":93,"column":12},"end":{"line":93,"column":31}},"48":{"start":{"line":94,"column":12},"end":{"line":94,"column":55}},"49":{"start":{"line":99,"column":4},"end":{"line":103,"column":5}},"50":{"start":{"line":100,"column":8},"end":{"line":102,"column":11}},"51":{"start":{"line":101,"column":12},"end":{"line":101,"column":58}},"52":{"start":{"line":106,"column":4},"end":{"line":113,"column":5}},"53":{"start":{"line":107,"column":8},"end":{"line":112,"column":11}},"54":{"start":{"line":108,"column":12},"end":{"line":108,"column":32}},"55":{"start":{"line":109,"column":12},"end":{"line":111,"column":13}},"56":{"start":{"line":110,"column":16},"end":{"line":110,"column":54}},"57":{"start":{"line":117,"column":4},"end":{"line":193,"column":5}},"58":{"start":{"line":119,"column":8},"end":{"line":126,"column":11}},"59":{"start":{"line":120,"column":12},"end":{"line":120,"column":50}},"60":{"start":{"line":123,"column":12},"end":{"line":125,"column":13}},"61":{"start":{"line":124,"column":16},"end":{"line":124,"column":42}},"62":{"start":{"line":129,"column":8},"end":{"line":136,"column":11}},"63":{"start":{"line":130,"column":12},"end":{"line":135,"column":13}},"64":{"start":{"line":131,"column":16},"end":{"line":131,"column":42}},"65":{"start":{"line":134,"column":16},"end":{"line":134,"column":37}},"66":{"start":{"line":141,"column":37},"end":{"line":141,"column":83}},"67":{"start":{"line":142,"column":12},"end":{"line":142,"column":44}},"68":{"start":{"line":145,"column":12},"end":{"line":145,"column":95}},"69":{"start":{"line":148,"column":34},"end":{"line":150,"column":13}},"70":{"start":{"line":149,"column":16},"end":{"line":149,"column":70}},"71":{"start":{"line":152,"column":12},"end":{"line":182,"column":13}},"72":{"start":{"line":154,"column":16},"end":{"line":172,"column":19}},"73":{"start":{"line":155,"column":31},"end":{"line":155,"column":59}},"74":{"start":{"line":156,"column":20},"end":{"line":156,"column":56}},"75":{"start":{"line":159,"column":38},"end":{"line":159,"column":89}},"76":{"start":{"line":161,"column":20},"end":{"line":164,"column":22}},"77":{"start":{"line":166,"column":20},"end":{"line":169,"column":23}},"78":{"start":{"line":167,"column":24},"end":{"line":167,"column":55}},"79":{"start":{"line":168,"column":24},"end":{"line":168,"column":65}},"80":{"start":{"line":171,"column":20},"end":{"line":171,"column":53}},"81":{"start":{"line":175,"column":27},"end":{"line":175,"column":55}},"82":{"start":{"line":176,"column":16},"end":{"line":176,"column":63}},"83":{"start":{"line":177,"column":16},"end":{"line":180,"column":18}},"84":{"start":{"line":181,"column":16},"end":{"line":181,"column":49}},"85":{"start":{"line":188,"column":12},"end":{"line":188,"column":96}},"86":{"start":{"line":195,"column":4},"end":{"line":218,"column":5}},"87":{"start":{"line":197,"column":8},"end":{"line":199,"column":9}},"88":{"start":{"line":198,"column":12},"end":{"line":198,"column":52}},"89":{"start":{"line":202,"column":8},"end":{"line":208,"column":11}},"90":{"start":{"line":203,"column":12},"end":{"line":207,"column":13}},"91":{"start":{"line":204,"column":16},"end":{"line":204,"column":56}},"92":{"start":{"line":206,"column":16},"end":{"line":206,"column":59}},"93":{"start":{"line":211,"column":8},"end":{"line":217,"column":11}},"94":{"start":{"line":212,"column":12},"end":{"line":212,"column":31}},"95":{"start":{"line":213,"column":12},"end":{"line":213,"column":32}},"96":{"start":{"line":214,"column":12},"end":{"line":214,"column":35}},"97":{"start":{"line":215,"column":12},"end":{"line":215,"column":53}},"98":{"start":{"line":216,"column":12},"end":{"line":216,"column":55}},"99":{"start":{"line":221,"column":4},"end":{"line":240,"column":5}},"100":{"start":{"line":222,"column":8},"end":{"line":224,"column":11}},"101":{"start":{"line":223,"column":12},"end":{"line":223,"column":50}},"102":{"start":{"line":227,"column":8},"end":{"line":234,"column":11}},"103":{"start":{"line":229,"column":12},"end":{"line":233,"column":13}},"104":{"start":{"line":232,"column":16},"end":{"line":232,"column":57}},"105":{"start":{"line":237,"column":8},"end":{"line":239,"column":11}},"106":{"start":{"line":238,"column":12},"end":{"line":238,"column":36}},"107":{"start":{"line":242,"column":4},"end":{"line":246,"column":5}},"108":{"start":{"line":243,"column":8},"end":{"line":245,"column":11}},"109":{"start":{"line":244,"column":12},"end":{"line":244,"column":56}},"110":{"start":{"line":248,"column":4},"end":{"line":252,"column":5}},"111":{"start":{"line":249,"column":8},"end":{"line":251,"column":11}},"112":{"start":{"line":250,"column":12},"end":{"line":250,"column":59}},"113":{"start":{"line":255,"column":4},"end":{"line":263,"column":5}},"114":{"start":{"line":256,"column":8},"end":{"line":262,"column":11}},"115":{"start":{"line":257,"column":12},"end":{"line":261,"column":13}},"116":{"start":{"line":258,"column":16},"end":{"line":258,"column":66}},"117":{"start":{"line":260,"column":16},"end":{"line":260,"column":66}},"118":{"start":{"line":266,"column":28},"end":{"line":266,"column":71}},"119":{"start":{"line":267,"column":4},"end":{"line":272,"column":5}},"120":{"start":{"line":268,"column":8},"end":{"line":271,"column":11}},"121":{"start":{"line":269,"column":12},"end":{"line":269,"column":35}},"122":{"start":{"line":270,"column":12},"end":{"line":270,"column":64}},"123":{"start":{"line":275,"column":4},"end":{"line":285,"column":7}},"124":{"start":{"line":276,"column":8},"end":{"line":278,"column":9}},"125":{"start":{"line":277,"column":12},"end":{"line":277,"column":57}},"126":{"start":{"line":279,"column":8},"end":{"line":281,"column":9}},"127":{"start":{"line":280,"column":12},"end":{"line":280,"column":58}},"128":{"start":{"line":282,"column":8},"end":{"line":284,"column":9}},"129":{"start":{"line":283,"column":12},"end":{"line":283,"column":59}},"130":{"start":{"line":288,"column":4},"end":{"line":292,"column":7}},"131":{"start":{"line":289,"column":8},"end":{"line":291,"column":9}},"132":{"start":{"line":290,"column":12},"end":{"line":290,"column":31}},"133":{"start":{"line":324,"column":20},"end":{"line":324,"column":59}},"134":{"start":{"line":325,"column":0},"end":{"line":371,"column":1}},"135":{"start":{"line":326,"column":4},"end":{"line":370,"column":7}},"136":{"start":{"line":327,"column":8},"end":{"line":327,"column":31}},"137":{"start":{"line":330,"column":25},"end":{"line":330,"column":43}},"138":{"start":{"line":331,"column":28},"end":{"line":345,"column":9}},"139":{"start":{"line":337,"column":84},"end":{"line":337,"column":96}},"140":{"start":{"line":347,"column":8},"end":{"line":369,"column":9}},"141":{"start":{"line":349,"column":12},"end":{"line":349,"column":61}},"142":{"start":{"line":352,"column":12},"end":{"line":354,"column":13}},"143":{"start":{"line":353,"column":16},"end":{"line":353,"column":62}},"144":{"start":{"line":357,"column":12},"end":{"line":357,"column":25}},"145":{"start":{"line":360,"column":12},"end":{"line":360,"column":51}},"146":{"start":{"line":363,"column":12},"end":{"line":365,"column":13}},"147":{"start":{"line":364,"column":16},"end":{"line":364,"column":35}},"148":{"start":{"line":367,"column":12},"end":{"line":367,"column":60}},"149":{"start":{"line":368,"column":12},"end":{"line":368,"column":63}},"150":{"start":{"line":375,"column":4},"end":{"line":423,"column":5}},"151":{"start":{"line":376,"column":33},"end":{"line":379,"column":18}},"152":{"start":{"line":381,"column":29},"end":{"line":381,"column":69}},"153":{"start":{"line":382,"column":8},"end":{"line":420,"column":9}},"154":{"start":{"line":383,"column":12},"end":{"line":383,"column":40}},"155":{"start":{"line":385,"column":12},"end":{"line":419,"column":15}},"156":{"start":{"line":386,"column":32},"end":{"line":386,"column":42}},"157":{"start":{"line":387,"column":34},"end":{"line":387,"column":40}},"158":{"start":{"line":389,"column":39},"end":{"line":389,"column":72}},"159":{"start":{"line":390,"column":16},"end":{"line":390,"column":62}},"160":{"start":{"line":391,"column":16},"end":{"line":416,"column":18}},"161":{"start":{"line":418,"column":16},"end":{"line":418,"column":57}},"162":{"start":{"line":422,"column":8},"end":{"line":422,"column":56}},"163":{"start":{"line":428,"column":4},"end":{"line":455,"column":5}},"164":{"start":{"line":430,"column":27},"end":{"line":434,"column":18}},"165":{"start":{"line":437,"column":28},"end":{"line":440,"column":18}},"166":{"start":{"line":443,"column":24},"end":{"line":443,"column":26}},"167":{"start":{"line":444,"column":8},"end":{"line":444,"column":77}},"168":{"start":{"line":444,"column":34},"end":{"line":444,"column":75}},"169":{"start":{"line":445,"column":8},"end":{"line":449,"column":11}},"170":{"start":{"line":446,"column":12},"end":{"line":448,"column":13}},"171":{"start":{"line":446,"column":35},"end":{"line":446,"column":50}},"172":{"start":{"line":447,"column":16},"end":{"line":447,"column":58}},"173":{"start":{"line":451,"column":8},"end":{"line":451,"column":23}},"174":{"start":{"line":453,"column":8},"end":{"line":453,"column":58}},"175":{"start":{"line":454,"column":8},"end":{"line":454,"column":18}},"176":{"start":{"line":459,"column":0},"end":{"line":495,"column":1}},"177":{"start":{"line":460,"column":4},"end":{"line":494,"column":7}},"178":{"start":{"line":461,"column":8},"end":{"line":493,"column":9}},"179":{"start":{"line":462,"column":28},"end":{"line":462,"column":60}},"180":{"start":{"line":463,"column":37},"end":{"line":463,"column":83}},"181":{"start":{"line":464,"column":12},"end":{"line":464,"column":44}},"182":{"start":{"line":466,"column":12},"end":{"line":490,"column":13}},"183":{"start":{"line":467,"column":16},"end":{"line":481,"column":19}},"184":{"start":{"line":468,"column":31},"end":{"line":468,"column":59}},"185":{"start":{"line":469,"column":20},"end":{"line":469,"column":56}},"186":{"start":{"line":470,"column":20},"end":{"line":474,"column":22}},"187":{"start":{"line":476,"column":20},"end":{"line":478,"column":23}},"188":{"start":{"line":477,"column":24},"end":{"line":477,"column":87}},"189":{"start":{"line":480,"column":20},"end":{"line":480,"column":53}},"190":{"start":{"line":483,"column":27},"end":{"line":483,"column":55}},"191":{"start":{"line":484,"column":16},"end":{"line":484,"column":63}},"192":{"start":{"line":485,"column":16},"end":{"line":488,"column":18}},"193":{"start":{"line":489,"column":16},"end":{"line":489,"column":49}},"194":{"start":{"line":492,"column":12},"end":{"line":492,"column":33}},"195":{"start":{"line":498,"column":0},"end":{"line":508,"column":1}},"196":{"start":{"line":499,"column":4},"end":{"line":507,"column":7}},"197":{"start":{"line":500,"column":8},"end":{"line":506,"column":11}},"198":{"start":{"line":501,"column":12},"end":{"line":505,"column":13}},"199":{"start":{"line":502,"column":16},"end":{"line":502,"column":35}},"200":{"start":{"line":504,"column":16},"end":{"line":504,"column":52}},"201":{"start":{"line":511,"column":0},"end":{"line":550,"column":1}},"202":{"start":{"line":512,"column":4},"end":{"line":549,"column":7}},"203":{"start":{"line":513,"column":26},"end":{"line":513,"column":69}},"204":{"start":{"line":514,"column":26},"end":{"line":514,"column":45}},"205":{"start":{"line":516,"column":8},"end":{"line":548,"column":9}},"206":{"start":{"line":517,"column":12},"end":{"line":547,"column":13}},"207":{"start":{"line":518,"column":28},"end":{"line":518,"column":80}},"208":{"start":{"line":519,"column":16},"end":{"line":544,"column":17}},"209":{"start":{"line":520,"column":36},"end":{"line":520,"column":46}},"210":{"start":{"line":523,"column":20},"end":{"line":523,"column":100}},"211":{"start":{"line":526,"column":20},"end":{"line":526,"column":101}},"212":{"start":{"line":529,"column":36},"end":{"line":529,"column":79}},"213":{"start":{"line":530,"column":20},"end":{"line":543,"column":22}},"214":{"start":{"line":546,"column":16},"end":{"line":546,"column":71}},"215":{"start":{"line":553,"column":23},"end":{"line":553,"column":61}},"216":{"start":{"line":554,"column":4},"end":{"line":582,"column":5}},"217":{"start":{"line":555,"column":8},"end":{"line":581,"column":11}},"218":{"start":{"line":556,"column":12},"end":{"line":556,"column":35}},"219":{"start":{"line":559,"column":29},"end":{"line":559,"column":47}},"220":{"start":{"line":560,"column":33},"end":{"line":560,"column":35}},"221":{"start":{"line":562,"column":12},"end":{"line":566,"column":13}},"222":{"start":{"line":563,"column":16},"end":{"line":565,"column":17}},"223":{"start":{"line":564,"column":20},"end":{"line":564,"column":46}},"224":{"start":{"line":568,"column":12},"end":{"line":568,"column":66}},"225":{"start":{"line":571,"column":12},"end":{"line":573,"column":13}},"226":{"start":{"line":572,"column":16},"end":{"line":572,"column":63}},"227":{"start":{"line":576,"column":12},"end":{"line":576,"column":25}},"228":{"start":{"line":577,"column":12},"end":{"line":577,"column":62}},"229":{"start":{"line":580,"column":12},"end":{"line":580,"column":53}},"230":{"start":{"line":585,"column":24},"end":{"line":585,"column":63}},"231":{"start":{"line":586,"column":4},"end":{"line":599,"column":5}},"232":{"start":{"line":587,"column":8},"end":{"line":598,"column":11}},"233":{"start":{"line":588,"column":12},"end":{"line":588,"column":35}},"234":{"start":{"line":590,"column":32},"end":{"line":590,"column":73}},"235":{"start":{"line":591,"column":12},"end":{"line":591,"column":59}},"236":{"start":{"line":594,"column":12},"end":{"line":594,"column":25}},"237":{"start":{"line":597,"column":12},"end":{"line":597,"column":50}},"238":{"start":{"line":647,"column":4},"end":{"line":660,"column":5}},"239":{"start":{"line":648,"column":8},"end":{"line":654,"column":11}},"240":{"start":{"line":656,"column":8},"end":{"line":656,"column":58}},"241":{"start":{"line":658,"column":8},"end":{"line":658,"column":69}},"242":{"start":{"line":659,"column":8},"end":{"line":659,"column":58}},"243":{"start":{"line":665,"column":4},"end":{"line":695,"column":5}},"244":{"start":{"line":666,"column":8},"end":{"line":669,"column":11}},"245":{"start":{"line":671,"column":8},"end":{"line":689,"column":9}},"246":{"start":{"line":673,"column":31},"end":{"line":673,"column":96}},"247":{"start":{"line":674,"column":28},"end":{"line":674,"column":45}},"248":{"start":{"line":676,"column":12},"end":{"line":678,"column":15}},"249":{"start":{"line":681,"column":12},"end":{"line":688,"column":15}},"250":{"start":{"line":691,"column":8},"end":{"line":691,"column":20}},"251":{"start":{"line":693,"column":8},"end":{"line":693,"column":61}},"252":{"start":{"line":694,"column":8},"end":{"line":694,"column":21}},"253":{"start":{"line":700,"column":4},"end":{"line":740,"column":5}},"254":{"start":{"line":701,"column":38},"end":{"line":705,"column":18}},"255":{"start":{"line":707,"column":33},"end":{"line":707,"column":77}},"256":{"start":{"line":708,"column":8},"end":{"line":737,"column":9}},"257":{"start":{"line":709,"column":12},"end":{"line":709,"column":44}},"258":{"start":{"line":711,"column":12},"end":{"line":736,"column":15}},"259":{"start":{"line":712,"column":37},"end":{"line":712,"column":47}},"260":{"start":{"line":714,"column":27},"end":{"line":714,"column":55}},"261":{"start":{"line":715,"column":16},"end":{"line":715,"column":88}},"262":{"start":{"line":716,"column":16},"end":{"line":724,"column":18}},"263":{"start":{"line":726,"column":16},"end":{"line":733,"column":19}},"264":{"start":{"line":728,"column":20},"end":{"line":728,"column":86}},"265":{"start":{"line":730,"column":20},"end":{"line":732,"column":21}},"266":{"start":{"line":731,"column":24},"end":{"line":731,"column":65}},"267":{"start":{"line":735,"column":16},"end":{"line":735,"column":49}},"268":{"start":{"line":739,"column":8},"end":{"line":739,"column":61}},"269":{"start":{"line":745,"column":20},"end":{"line":745,"column":58}},"270":{"start":{"line":747,"column":19},"end":{"line":747,"column":49}},"271":{"start":{"line":748,"column":4},"end":{"line":748,"column":81}},"272":{"start":{"line":748,"column":23},"end":{"line":748,"column":81}},"273":{"start":{"line":750,"column":4},"end":{"line":750,"column":45}},"274":{"start":{"line":751,"column":4},"end":{"line":751,"column":82}},"275":{"start":{"line":751,"column":23},"end":{"line":751,"column":82}},"276":{"start":{"line":753,"column":4},"end":{"line":753,"column":43}},"277":{"start":{"line":754,"column":4},"end":{"line":754,"column":80}},"278":{"start":{"line":754,"column":23},"end":{"line":754,"column":80}},"279":{"start":{"line":756,"column":4},"end":{"line":756,"column":42}},"280":{"start":{"line":757,"column":4},"end":{"line":757,"column":81}},"281":{"start":{"line":757,"column":23},"end":{"line":757,"column":81}},"282":{"start":{"line":759,"column":4},"end":{"line":759,"column":40}},"283":{"start":{"line":760,"column":4},"end":{"line":760,"column":83}},"284":{"start":{"line":760,"column":23},"end":{"line":760,"column":83}},"285":{"start":{"line":762,"column":4},"end":{"line":762,"column":22}},"286":{"start":{"line":766,"column":25},"end":{"line":766,"column":64}},"287":{"start":{"line":767,"column":4},"end":{"line":780,"column":5}},"288":{"start":{"line":768,"column":8},"end":{"line":779,"column":11}},"289":{"start":{"line":769,"column":12},"end":{"line":778,"column":15}},"290":{"start":{"line":770,"column":36},"end":{"line":770,"column":65}},"291":{"start":{"line":771,"column":38},"end":{"line":771,"column":97}},"292":{"start":{"line":772,"column":36},"end":{"line":772,"column":84}},"293":{"start":{"line":773,"column":16},"end":{"line":773,"column":57}},"294":{"start":{"line":774,"column":16},"end":{"line":774,"column":36}},"295":{"start":{"line":777,"column":16},"end":{"line":777,"column":67}},"296":{"start":{"line":783,"column":4},"end":{"line":793,"column":11}},"297":{"start":{"line":787,"column":32},"end":{"line":787,"column":45}},"298":{"start":{"line":788,"column":26},"end":{"line":788,"column":71}},"299":{"start":{"line":789,"column":12},"end":{"line":792,"column":13}},"300":{"start":{"line":790,"column":16},"end":{"line":790,"column":48}},"301":{"start":{"line":791,"column":16},"end":{"line":791,"column":72}},"302":{"start":{"line":797,"column":0},"end":{"line":804,"column":3}},"303":{"start":{"line":798,"column":4},"end":{"line":803,"column":5}},"304":{"start":{"line":799,"column":28},"end":{"line":799,"column":55}},"305":{"start":{"line":802,"column":8},"end":{"line":802,"column":61}},"306":{"start":{"line":807,"column":23},"end":{"line":807,"column":62}},"307":{"start":{"line":808,"column":4},"end":{"line":818,"column":5}},"308":{"start":{"line":809,"column":8},"end":{"line":817,"column":11}},"309":{"start":{"line":810,"column":12},"end":{"line":816,"column":13}},"310":{"start":{"line":812,"column":16},"end":{"line":812,"column":47}},"311":{"start":{"line":814,"column":16},"end":{"line":814,"column":64}},"312":{"start":{"line":815,"column":16},"end":{"line":815,"column":55}}},"fnMap":{"0":{"name":"(anonymous_0)","decl":{"start":{"line":5,"column":46},"end":{"line":5,"column":47}},"loc":{"start":{"line":5,"column":57},"end":{"line":819,"column":1}},"line":5},"1":{"name":"(anonymous_1)","decl":{"start":{"line":47,"column":45},"end":{"line":47,"column":46}},"loc":{"start":{"line":47,"column":56},"end":{"line":51,"column":9}},"line":47},"2":{"name":"closeSidebarFunc","decl":{"start":{"line":55,"column":13},"end":{"line":55,"column":29}},"loc":{"start":{"line":55,"column":32},"end":{"line":59,"column":5}},"line":55},"3":{"name":"(anonymous_3)","decl":{"start":{"line":71,"column":53},"end":{"line":71,"column":54}},"loc":{"start":{"line":71,"column":64},"end":{"line":73,"column":9}},"line":71},"4":{"name":"(anonymous_4)","decl":{"start":{"line":78,"column":57},"end":{"line":78,"column":58}},"loc":{"start":{"line":78,"column":68},"end":{"line":80,"column":9}},"line":78},"5":{"name":"(anonymous_5)","decl":{"start":{"line":85,"column":51},"end":{"line":85,"column":52}},"loc":{"start":{"line":85,"column":62},"end":{"line":87,"column":9}},"line":85},"6":{"name":"(anonymous_6)","decl":{"start":{"line":92,"column":60},"end":{"line":92,"column":61}},"loc":{"start":{"line":92,"column":72},"end":{"line":95,"column":9}},"line":92},"7":{"name":"(anonymous_7)","decl":{"start":{"line":100,"column":52},"end":{"line":100,"column":53}},"loc":{"start":{"line":100,"column":63},"end":{"line":102,"column":9}},"line":100},"8":{"name":"(anonymous_8)","decl":{"start":{"line":107,"column":50},"end":{"line":107,"column":51}},"loc":{"start":{"line":107,"column":61},"end":{"line":112,"column":9}},"line":107},"9":{"name":"(anonymous_9)","decl":{"start":{"line":119,"column":46},"end":{"line":119,"column":47}},"loc":{"start":{"line":119,"column":57},"end":{"line":126,"column":9}},"line":119},"10":{"name":"(anonymous_10)","decl":{"start":{"line":129,"column":46},"end":{"line":129,"column":47}},"loc":{"start":{"line":129,"column":57},"end":{"line":136,"column":9}},"line":129},"11":{"name":"performSearch","decl":{"start":{"line":139,"column":17},"end":{"line":139,"column":30}},"loc":{"start":{"line":139,"column":38},"end":{"line":183,"column":9}},"line":139},"12":{"name":"(anonymous_12)","decl":{"start":{"line":148,"column":57},"end":{"line":148,"column":58}},"loc":{"start":{"line":149,"column":16},"end":{"line":149,"column":70}},"line":149},"13":{"name":"(anonymous_13)","decl":{"start":{"line":154,"column":38},"end":{"line":154,"column":39}},"loc":{"start":{"line":154,"column":46},"end":{"line":172,"column":17}},"line":154},"14":{"name":"(anonymous_14)","decl":{"start":{"line":166,"column":49},"end":{"line":166,"column":50}},"loc":{"start":{"line":166,"column":60},"end":{"line":169,"column":21}},"line":166},"15":{"name":"showRecentSearches","decl":{"start":{"line":186,"column":17},"end":{"line":186,"column":35}},"loc":{"start":{"line":186,"column":38},"end":{"line":192,"column":9}},"line":186},"16":{"name":"(anonymous_16)","decl":{"start":{"line":202,"column":46},"end":{"line":202,"column":47}},"loc":{"start":{"line":202,"column":57},"end":{"line":208,"column":9}},"line":202},"17":{"name":"(anonymous_17)","decl":{"start":{"line":211,"column":46},"end":{"line":211,"column":47}},"loc":{"start":{"line":211,"column":58},"end":{"line":217,"column":9}},"line":211},"18":{"name":"(anonymous_18)","decl":{"start":{"line":222,"column":46},"end":{"line":222,"column":47}},"loc":{"start":{"line":222,"column":57},"end":{"line":224,"column":9}},"line":222},"19":{"name":"(anonymous_19)","decl":{"start":{"line":227,"column":43},"end":{"line":227,"column":44}},"loc":{"start":{"line":227,"column":59},"end":{"line":234,"column":9}},"line":227},"20":{"name":"(anonymous_20)","decl":{"start":{"line":237,"column":48},"end":{"line":237,"column":49}},"loc":{"start":{"line":237,"column":64},"end":{"line":239,"column":9}},"line":237},"21":{"name":"(anonymous_21)","decl":{"start":{"line":243,"column":52},"end":{"line":243,"column":53}},"loc":{"start":{"line":243,"column":63},"end":{"line":245,"column":9}},"line":243},"22":{"name":"(anonymous_22)","decl":{"start":{"line":249,"column":51},"end":{"line":249,"column":52}},"loc":{"start":{"line":249,"column":62},"end":{"line":251,"column":9}},"line":249},"23":{"name":"(anonymous_23)","decl":{"start":{"line":256,"column":53},"end":{"line":256,"column":54}},"loc":{"start":{"line":256,"column":64},"end":{"line":262,"column":9}},"line":256},"24":{"name":"(anonymous_24)","decl":{"start":{"line":268,"column":51},"end":{"line":268,"column":52}},"loc":{"start":{"line":268,"column":67},"end":{"line":271,"column":9}},"line":268},"25":{"name":"(anonymous_25)","decl":{"start":{"line":275,"column":37},"end":{"line":275,"column":38}},"loc":{"start":{"line":275,"column":53},"end":{"line":285,"column":5}},"line":275},"26":{"name":"(anonymous_26)","decl":{"start":{"line":288,"column":38},"end":{"line":288,"column":39}},"loc":{"start":{"line":288,"column":49},"end":{"line":292,"column":5}},"line":288},"27":{"name":"(anonymous_27)","decl":{"start":{"line":326,"column":43},"end":{"line":326,"column":44}},"loc":{"start":{"line":326,"column":65},"end":{"line":370,"column":5}},"line":326},"28":{"name":"(anonymous_28)","decl":{"start":{"line":337,"column":75},"end":{"line":337,"column":76}},"loc":{"start":{"line":337,"column":84},"end":{"line":337,"column":96}},"line":337},"29":{"name":"loadUserProjects","decl":{"start":{"line":374,"column":15},"end":{"line":374,"column":31}},"loc":{"start":{"line":374,"column":34},"end":{"line":424,"column":1}},"line":374},"30":{"name":"(anonymous_30)","decl":{"start":{"line":385,"column":37},"end":{"line":385,"column":38}},"loc":{"start":{"line":385,"column":44},"end":{"line":419,"column":13}},"line":385},"31":{"name":"searchProjects","decl":{"start":{"line":427,"column":15},"end":{"line":427,"column":29}},"loc":{"start":{"line":427,"column":37},"end":{"line":456,"column":1}},"line":427},"32":{"name":"(anonymous_32)","decl":{"start":{"line":444,"column":27},"end":{"line":444,"column":28}},"loc":{"start":{"line":444,"column":34},"end":{"line":444,"column":75}},"line":444},"33":{"name":"(anonymous_33)","decl":{"start":{"line":445,"column":28},"end":{"line":445,"column":29}},"loc":{"start":{"line":445,"column":35},"end":{"line":449,"column":9}},"line":445},"34":{"name":"(anonymous_34)","decl":{"start":{"line":446,"column":30},"end":{"line":446,"column":31}},"loc":{"start":{"line":446,"column":35},"end":{"line":446,"column":50}},"line":446},"35":{"name":"(anonymous_35)","decl":{"start":{"line":460,"column":42},"end":{"line":460,"column":43}},"loc":{"start":{"line":460,"column":59},"end":{"line":494,"column":5}},"line":460},"36":{"name":"(anonymous_36)","decl":{"start":{"line":467,"column":32},"end":{"line":467,"column":33}},"loc":{"start":{"line":467,"column":43},"end":{"line":481,"column":17}},"line":467},"37":{"name":"(anonymous_37)","decl":{"start":{"line":476,"column":49},"end":{"line":476,"column":50}},"loc":{"start":{"line":476,"column":60},"end":{"line":478,"column":21}},"line":476},"38":{"name":"(anonymous_38)","decl":{"start":{"line":499,"column":50},"end":{"line":499,"column":51}},"loc":{"start":{"line":499,"column":56},"end":{"line":507,"column":5}},"line":499},"39":{"name":"(anonymous_39)","decl":{"start":{"line":500,"column":32},"end":{"line":500,"column":33}},"loc":{"start":{"line":500,"column":40},"end":{"line":506,"column":9}},"line":500},"40":{"name":"(anonymous_40)","decl":{"start":{"line":512,"column":50},"end":{"line":512,"column":51}},"loc":{"start":{"line":512,"column":62},"end":{"line":549,"column":5}},"line":512},"41":{"name":"(anonymous_41)","decl":{"start":{"line":555,"column":46},"end":{"line":555,"column":47}},"loc":{"start":{"line":555,"column":62},"end":{"line":581,"column":9}},"line":555},"42":{"name":"(anonymous_42)","decl":{"start":{"line":587,"column":47},"end":{"line":587,"column":48}},"loc":{"start":{"line":587,"column":63},"end":{"line":598,"column":9}},"line":587},"43":{"name":"sendCollaborationRequest","decl":{"start":{"line":646,"column":15},"end":{"line":646,"column":39}},"loc":{"start":{"line":646,"column":64},"end":{"line":661,"column":1}},"line":646},"44":{"name":"respondToRequest","decl":{"start":{"line":664,"column":15},"end":{"line":664,"column":31}},"loc":{"start":{"line":664,"column":53},"end":{"line":696,"column":1}},"line":664},"45":{"name":"loadNotifications","decl":{"start":{"line":699,"column":15},"end":{"line":699,"column":32}},"loc":{"start":{"line":699,"column":35},"end":{"line":741,"column":1}},"line":699},"46":{"name":"(anonymous_46)","decl":{"start":{"line":711,"column":42},"end":{"line":711,"column":43}},"loc":{"start":{"line":711,"column":49},"end":{"line":736,"column":13}},"line":711},"47":{"name":"(anonymous_47)","decl":{"start":{"line":726,"column":45},"end":{"line":726,"column":46}},"loc":{"start":{"line":726,"column":51},"end":{"line":733,"column":17}},"line":726},"48":{"name":"formatTimeAgo","decl":{"start":{"line":744,"column":9},"end":{"line":744,"column":22}},"loc":{"start":{"line":744,"column":29},"end":{"line":763,"column":1}},"line":744},"49":{"name":"(anonymous_49)","decl":{"start":{"line":768,"column":29},"end":{"line":768,"column":30}},"loc":{"start":{"line":768,"column":39},"end":{"line":779,"column":9}},"line":768},"50":{"name":"(anonymous_50)","decl":{"start":{"line":769,"column":45},"end":{"line":769,"column":46}},"loc":{"start":{"line":769,"column":56},"end":{"line":778,"column":13}},"line":769},"51":{"name":"setupNotificationListener","decl":{"start":{"line":782,"column":9},"end":{"line":782,"column":34}},"loc":{"start":{"line":782,"column":37},"end":{"line":794,"column":1}},"line":782},"52":{"name":"(anonymous_52)","decl":{"start":{"line":786,"column":20},"end":{"line":786,"column":21}},"loc":{"start":{"line":786,"column":32},"end":{"line":793,"column":9}},"line":786},"53":{"name":"(anonymous_53)","decl":{"start":{"line":797,"column":24},"end":{"line":797,"column":25}},"loc":{"start":{"line":797,"column":32},"end":{"line":804,"column":1}},"line":797},"54":{"name":"(anonymous_54)","decl":{"start":{"line":809,"column":45},"end":{"line":809,"column":46}},"loc":{"start":{"line":809,"column":56},"end":{"line":817,"column":9}},"line":809}},"branchMap":{"0":{"loc":{"start":{"line":46,"column":4},"end":{"line":52,"column":5}},"type":"if","locations":[{"start":{"line":46,"column":4},"end":{"line":52,"column":5}},{"start":{},"end":{}}],"line":46},"1":{"loc":{"start":{"line":61,"column":4},"end":{"line":63,"column":5}},"type":"if","locations":[{"start":{"line":61,"column":4},"end":{"line":63,"column":5}},{"start":{},"end":{}}],"line":61},"2":{"loc":{"start":{"line":65,"column":4},"end":{"line":67,"column":5}},"type":"if","locations":[{"start":{"line":65,"column":4},"end":{"line":67,"column":5}},{"start":{},"end":{}}],"line":65},"3":{"loc":{"start":{"line":70,"column":4},"end":{"line":74,"column":5}},"type":"if","locations":[{"start":{"line":70,"column":4},"end":{"line":74,"column":5}},{"start":{},"end":{}}],"line":70},"4":{"loc":{"start":{"line":77,"column":4},"end":{"line":81,"column":5}},"type":"if","locations":[{"start":{"line":77,"column":4},"end":{"line":81,"column":5}},{"start":{},"end":{}}],"line":77},"5":{"loc":{"start":{"line":84,"column":4},"end":{"line":88,"column":5}},"type":"if","locations":[{"start":{"line":84,"column":4},"end":{"line":88,"column":5}},{"start":{},"end":{}}],"line":84},"6":{"loc":{"start":{"line":91,"column":4},"end":{"line":96,"column":5}},"type":"if","locations":[{"start":{"line":91,"column":4},"end":{"line":96,"column":5}},{"start":{},"end":{}}],"line":91},"7":{"loc":{"start":{"line":99,"column":4},"end":{"line":103,"column":5}},"type":"if","locations":[{"start":{"line":99,"column":4},"end":{"line":103,"column":5}},{"start":{},"end":{}}],"line":99},"8":{"loc":{"start":{"line":106,"column":4},"end":{"line":113,"column":5}},"type":"if","locations":[{"start":{"line":106,"column":4},"end":{"line":113,"column":5}},{"start":{},"end":{}}],"line":106},"9":{"loc":{"start":{"line":106,"column":8},"end":{"line":106,"column":38}},"type":"binary-expr","locations":[{"start":{"line":106,"column":8},"end":{"line":106,"column":23}},{"start":{"line":106,"column":27},"end":{"line":106,"column":38}}],"line":106},"10":{"loc":{"start":{"line":109,"column":12},"end":{"line":111,"column":13}},"type":"if","locations":[{"start":{"line":109,"column":12},"end":{"line":111,"column":13}},{"start":{},"end":{}}],"line":109},"11":{"loc":{"start":{"line":117,"column":4},"end":{"line":193,"column":5}},"type":"if","locations":[{"start":{"line":117,"column":4},"end":{"line":193,"column":5}},{"start":{},"end":{}}],"line":117},"12":{"loc":{"start":{"line":117,"column":8},"end":{"line":117,"column":36}},"type":"binary-expr","locations":[{"start":{"line":117,"column":8},"end":{"line":117,"column":19}},{"start":{"line":117,"column":23},"end":{"line":117,"column":36}}],"line":117},"13":{"loc":{"start":{"line":123,"column":12},"end":{"line":125,"column":13}},"type":"if","locations":[{"start":{"line":123,"column":12},"end":{"line":125,"column":13}},{"start":{},"end":{}}],"line":123},"14":{"loc":{"start":{"line":130,"column":12},"end":{"line":135,"column":13}},"type":"if","locations":[{"start":{"line":130,"column":12},"end":{"line":135,"column":13}},{"start":{"line":132,"column":19},"end":{"line":135,"column":13}}],"line":130},"15":{"loc":{"start":{"line":152,"column":12},"end":{"line":182,"column":13}},"type":"if","locations":[{"start":{"line":152,"column":12},"end":{"line":182,"column":13}},{"start":{"line":173,"column":19},"end":{"line":182,"column":13}}],"line":152},"16":{"loc":{"start":{"line":159,"column":38},"end":{"line":159,"column":89}},"type":"cond-expr","locations":[{"start":{"line":159,"column":64},"end":{"line":159,"column":77}},{"start":{"line":159,"column":80},"end":{"line":159,"column":89}}],"line":159},"17":{"loc":{"start":{"line":195,"column":4},"end":{"line":218,"column":5}},"type":"if","locations":[{"start":{"line":195,"column":4},"end":{"line":218,"column":5}},{"start":{},"end":{}}],"line":195},"18":{"loc":{"start":{"line":195,"column":8},"end":{"line":195,"column":34}},"type":"binary-expr","locations":[{"start":{"line":195,"column":8},"end":{"line":195,"column":19}},{"start":{"line":195,"column":23},"end":{"line":195,"column":34}}],"line":195},"19":{"loc":{"start":{"line":197,"column":8},"end":{"line":199,"column":9}},"type":"if","locations":[{"start":{"line":197,"column":8},"end":{"line":199,"column":9}},{"start":{},"end":{}}],"line":197},"20":{"loc":{"start":{"line":203,"column":12},"end":{"line":207,"column":13}},"type":"if","locations":[{"start":{"line":203,"column":12},"end":{"line":207,"column":13}},{"start":{"line":205,"column":19},"end":{"line":207,"column":13}}],"line":203},"21":{"loc":{"start":{"line":221,"column":4},"end":{"line":240,"column":5}},"type":"if","locations":[{"start":{"line":221,"column":4},"end":{"line":240,"column":5}},{"start":{},"end":{}}],"line":221},"22":{"loc":{"start":{"line":221,"column":8},"end":{"line":221,"column":36}},"type":"binary-expr","locations":[{"start":{"line":221,"column":8},"end":{"line":221,"column":19}},{"start":{"line":221,"column":23},"end":{"line":221,"column":36}}],"line":221},"23":{"loc":{"start":{"line":229,"column":12},"end":{"line":233,"column":13}},"type":"if","locations":[{"start":{"line":229,"column":12},"end":{"line":233,"column":13}},{"start":{},"end":{}}],"line":229},"24":{"loc":{"start":{"line":229,"column":16},"end":{"line":231,"column":51}},"type":"binary-expr","locations":[{"start":{"line":229,"column":16},"end":{"line":229,"column":51}},{"start":{"line":230,"column":16},"end":{"line":230,"column":53}},{"start":{"line":231,"column":16},"end":{"line":231,"column":51}}],"line":229},"25":{"loc":{"start":{"line":242,"column":4},"end":{"line":246,"column":5}},"type":"if","locations":[{"start":{"line":242,"column":4},"end":{"line":246,"column":5}},{"start":{},"end":{}}],"line":242},"26":{"loc":{"start":{"line":248,"column":4},"end":{"line":252,"column":5}},"type":"if","locations":[{"start":{"line":248,"column":4},"end":{"line":252,"column":5}},{"start":{},"end":{}}],"line":248},"27":{"loc":{"start":{"line":255,"column":4},"end":{"line":263,"column":5}},"type":"if","locations":[{"start":{"line":255,"column":4},"end":{"line":263,"column":5}},{"start":{},"end":{}}],"line":255},"28":{"loc":{"start":{"line":255,"column":8},"end":{"line":255,"column":45}},"type":"binary-expr","locations":[{"start":{"line":255,"column":8},"end":{"line":255,"column":25}},{"start":{"line":255,"column":29},"end":{"line":255,"column":45}}],"line":255},"29":{"loc":{"start":{"line":257,"column":12},"end":{"line":261,"column":13}},"type":"if","locations":[{"start":{"line":257,"column":12},"end":{"line":261,"column":13}},{"start":{"line":259,"column":19},"end":{"line":261,"column":13}}],"line":257},"30":{"loc":{"start":{"line":267,"column":4},"end":{"line":272,"column":5}},"type":"if","locations":[{"start":{"line":267,"column":4},"end":{"line":272,"column":5}},{"start":{},"end":{}}],"line":267},"31":{"loc":{"start":{"line":276,"column":8},"end":{"line":278,"column":9}},"type":"if","locations":[{"start":{"line":276,"column":8},"end":{"line":278,"column":9}},{"start":{},"end":{}}],"line":276},"32":{"loc":{"start":{"line":276,"column":12},"end":{"line":276,"column":67}},"type":"binary-expr","locations":[{"start":{"line":276,"column":12},"end":{"line":276,"column":29}},{"start":{"line":276,"column":33},"end":{"line":276,"column":67}}],"line":276},"33":{"loc":{"start":{"line":279,"column":8},"end":{"line":281,"column":9}},"type":"if","locations":[{"start":{"line":279,"column":8},"end":{"line":281,"column":9}},{"start":{},"end":{}}],"line":279},"34":{"loc":{"start":{"line":279,"column":12},"end":{"line":279,"column":69}},"type":"binary-expr","locations":[{"start":{"line":279,"column":12},"end":{"line":279,"column":30}},{"start":{"line":279,"column":34},"end":{"line":279,"column":69}}],"line":279},"35":{"loc":{"start":{"line":282,"column":8},"end":{"line":284,"column":9}},"type":"if","locations":[{"start":{"line":282,"column":8},"end":{"line":284,"column":9}},{"start":{},"end":{}}],"line":282},"36":{"loc":{"start":{"line":282,"column":12},"end":{"line":282,"column":71}},"type":"binary-expr","locations":[{"start":{"line":282,"column":12},"end":{"line":282,"column":31}},{"start":{"line":282,"column":35},"end":{"line":282,"column":71}}],"line":282},"37":{"loc":{"start":{"line":289,"column":8},"end":{"line":291,"column":9}},"type":"if","locations":[{"start":{"line":289,"column":8},"end":{"line":291,"column":9}},{"start":{},"end":{}}],"line":289},"38":{"loc":{"start":{"line":289,"column":12},"end":{"line":289,"column":86}},"type":"binary-expr","locations":[{"start":{"line":289,"column":12},"end":{"line":289,"column":35}},{"start":{"line":289,"column":39},"end":{"line":289,"column":46}},{"start":{"line":289,"column":50},"end":{"line":289,"column":86}}],"line":289},"39":{"loc":{"start":{"line":325,"column":0},"end":{"line":371,"column":1}},"type":"if","locations":[{"start":{"line":325,"column":0},"end":{"line":371,"column":1}},{"start":{},"end":{}}],"line":325},"40":{"loc":{"start":{"line":352,"column":12},"end":{"line":354,"column":13}},"type":"if","locations":[{"start":{"line":352,"column":12},"end":{"line":354,"column":13}},{"start":{},"end":{}}],"line":352},"41":{"loc":{"start":{"line":363,"column":12},"end":{"line":365,"column":13}},"type":"if","locations":[{"start":{"line":363,"column":12},"end":{"line":365,"column":13}},{"start":{},"end":{}}],"line":363},"42":{"loc":{"start":{"line":382,"column":8},"end":{"line":420,"column":9}},"type":"if","locations":[{"start":{"line":382,"column":8},"end":{"line":420,"column":9}},{"start":{},"end":{}}],"line":382},"43":{"loc":{"start":{"line":446,"column":12},"end":{"line":448,"column":13}},"type":"if","locations":[{"start":{"line":446,"column":12},"end":{"line":448,"column":13}},{"start":{},"end":{}}],"line":446},"44":{"loc":{"start":{"line":459,"column":0},"end":{"line":495,"column":1}},"type":"if","locations":[{"start":{"line":459,"column":0},"end":{"line":495,"column":1}},{"start":{},"end":{}}],"line":459},"45":{"loc":{"start":{"line":459,"column":4},"end":{"line":459,"column":32}},"type":"binary-expr","locations":[{"start":{"line":459,"column":4},"end":{"line":459,"column":15}},{"start":{"line":459,"column":19},"end":{"line":459,"column":32}}],"line":459},"46":{"loc":{"start":{"line":461,"column":8},"end":{"line":493,"column":9}},"type":"if","locations":[{"start":{"line":461,"column":8},"end":{"line":493,"column":9}},{"start":{"line":491,"column":15},"end":{"line":493,"column":9}}],"line":461},"47":{"loc":{"start":{"line":466,"column":12},"end":{"line":490,"column":13}},"type":"if","locations":[{"start":{"line":466,"column":12},"end":{"line":490,"column":13}},{"start":{"line":482,"column":19},"end":{"line":490,"column":13}}],"line":466},"48":{"loc":{"start":{"line":498,"column":0},"end":{"line":508,"column":1}},"type":"if","locations":[{"start":{"line":498,"column":0},"end":{"line":508,"column":1}},{"start":{},"end":{}}],"line":498},"49":{"loc":{"start":{"line":501,"column":12},"end":{"line":505,"column":13}},"type":"if","locations":[{"start":{"line":501,"column":12},"end":{"line":505,"column":13}},{"start":{"line":503,"column":19},"end":{"line":505,"column":13}}],"line":501},"50":{"loc":{"start":{"line":511,"column":0},"end":{"line":550,"column":1}},"type":"if","locations":[{"start":{"line":511,"column":0},"end":{"line":550,"column":1}},{"start":{},"end":{}}],"line":511},"51":{"loc":{"start":{"line":516,"column":8},"end":{"line":548,"column":9}},"type":"if","locations":[{"start":{"line":516,"column":8},"end":{"line":548,"column":9}},{"start":{},"end":{}}],"line":516},"52":{"loc":{"start":{"line":519,"column":16},"end":{"line":544,"column":17}},"type":"if","locations":[{"start":{"line":519,"column":16},"end":{"line":544,"column":17}},{"start":{},"end":{}}],"line":519},"53":{"loc":{"start":{"line":554,"column":4},"end":{"line":582,"column":5}},"type":"if","locations":[{"start":{"line":554,"column":4},"end":{"line":582,"column":5}},{"start":{},"end":{}}],"line":554},"54":{"loc":{"start":{"line":563,"column":16},"end":{"line":565,"column":17}},"type":"if","locations":[{"start":{"line":563,"column":16},"end":{"line":565,"column":17}},{"start":{},"end":{}}],"line":563},"55":{"loc":{"start":{"line":571,"column":12},"end":{"line":573,"column":13}},"type":"if","locations":[{"start":{"line":571,"column":12},"end":{"line":573,"column":13}},{"start":{},"end":{}}],"line":571},"56":{"loc":{"start":{"line":586,"column":4},"end":{"line":599,"column":5}},"type":"if","locations":[{"start":{"line":586,"column":4},"end":{"line":599,"column":5}},{"start":{},"end":{}}],"line":586},"57":{"loc":{"start":{"line":671,"column":8},"end":{"line":689,"column":9}},"type":"if","locations":[{"start":{"line":671,"column":8},"end":{"line":689,"column":9}},{"start":{},"end":{}}],"line":671},"58":{"loc":{"start":{"line":708,"column":8},"end":{"line":737,"column":9}},"type":"if","locations":[{"start":{"line":708,"column":8},"end":{"line":737,"column":9}},{"start":{},"end":{}}],"line":708},"59":{"loc":{"start":{"line":715,"column":52},"end":{"line":715,"column":85}},"type":"cond-expr","locations":[{"start":{"line":715,"column":72},"end":{"line":715,"column":74}},{"start":{"line":715,"column":77},"end":{"line":715,"column":85}}],"line":715},"60":{"loc":{"start":{"line":718,"column":30},"end":{"line":718,"column":109}},"type":"cond-expr","locations":[{"start":{"line":718,"column":70},"end":{"line":718,"column":92}},{"start":{"line":718,"column":95},"end":{"line":718,"column":109}}],"line":718},"61":{"loc":{"start":{"line":730,"column":20},"end":{"line":732,"column":21}},"type":"if","locations":[{"start":{"line":730,"column":20},"end":{"line":732,"column":21}},{"start":{},"end":{}}],"line":730},"62":{"loc":{"start":{"line":748,"column":4},"end":{"line":748,"column":81}},"type":"if","locations":[{"start":{"line":748,"column":4},"end":{"line":748,"column":81}},{"start":{},"end":{}}],"line":748},"63":{"loc":{"start":{"line":748,"column":49},"end":{"line":748,"column":74}},"type":"cond-expr","locations":[{"start":{"line":748,"column":66},"end":{"line":748,"column":68}},{"start":{"line":748,"column":71},"end":{"line":748,"column":74}}],"line":748},"64":{"loc":{"start":{"line":751,"column":4},"end":{"line":751,"column":82}},"type":"if","locations":[{"start":{"line":751,"column":4},"end":{"line":751,"column":82}},{"start":{},"end":{}}],"line":751},"65":{"loc":{"start":{"line":751,"column":50},"end":{"line":751,"column":75}},"type":"cond-expr","locations":[{"start":{"line":751,"column":67},"end":{"line":751,"column":69}},{"start":{"line":751,"column":72},"end":{"line":751,"column":75}}],"line":751},"66":{"loc":{"start":{"line":754,"column":4},"end":{"line":754,"column":80}},"type":"if","locations":[{"start":{"line":754,"column":4},"end":{"line":754,"column":80}},{"start":{},"end":{}}],"line":754},"67":{"loc":{"start":{"line":754,"column":48},"end":{"line":754,"column":73}},"type":"cond-expr","locations":[{"start":{"line":754,"column":65},"end":{"line":754,"column":67}},{"start":{"line":754,"column":70},"end":{"line":754,"column":73}}],"line":754},"68":{"loc":{"start":{"line":757,"column":4},"end":{"line":757,"column":81}},"type":"if","locations":[{"start":{"line":757,"column":4},"end":{"line":757,"column":81}},{"start":{},"end":{}}],"line":757},"69":{"loc":{"start":{"line":757,"column":49},"end":{"line":757,"column":74}},"type":"cond-expr","locations":[{"start":{"line":757,"column":66},"end":{"line":757,"column":68}},{"start":{"line":757,"column":71},"end":{"line":757,"column":74}}],"line":757},"70":{"loc":{"start":{"line":760,"column":4},"end":{"line":760,"column":83}},"type":"if","locations":[{"start":{"line":760,"column":4},"end":{"line":760,"column":83}},{"start":{},"end":{}}],"line":760},"71":{"loc":{"start":{"line":760,"column":51},"end":{"line":760,"column":76}},"type":"cond-expr","locations":[{"start":{"line":760,"column":68},"end":{"line":760,"column":70}},{"start":{"line":760,"column":73},"end":{"line":760,"column":76}}],"line":760},"72":{"loc":{"start":{"line":767,"column":4},"end":{"line":780,"column":5}},"type":"if","locations":[{"start":{"line":767,"column":4},"end":{"line":780,"column":5}},{"start":{},"end":{}}],"line":767},"73":{"loc":{"start":{"line":789,"column":12},"end":{"line":792,"column":13}},"type":"if","locations":[{"start":{"line":789,"column":12},"end":{"line":792,"column":13}},{"start":{},"end":{}}],"line":789},"74":{"loc":{"start":{"line":791,"column":38},"end":{"line":791,"column":71}},"type":"cond-expr","locations":[{"start":{"line":791,"column":56},"end":{"line":791,"column":62}},{"start":{"line":791,"column":65},"end":{"line":791,"column":71}}],"line":791},"75":{"loc":{"start":{"line":798,"column":4},"end":{"line":803,"column":5}},"type":"if","locations":[{"start":{"line":798,"column":4},"end":{"line":803,"column":5}},{"start":{},"end":{}}],"line":798},"76":{"loc":{"start":{"line":808,"column":4},"end":{"line":818,"column":5}},"type":"if","locations":[{"start":{"line":808,"column":4},"end":{"line":818,"column":5}},{"start":{},"end":{}}],"line":808},"77":{"loc":{"start":{"line":810,"column":12},"end":{"line":816,"column":13}},"type":"if","locations":[{"start":{"line":810,"column":12},"end":{"line":816,"column":13}},{"start":{},"end":{}}],"line":810}},"s":{"0":1,"1":0,"2":0,"3":0,"4":0,"5":0,"6":0,"7":0,"8":0,"9":0,"10":0,"11":0,"12":0,"13":0,"14":0,"15":0,"16":0,"17":0,"18":0,"19":0,"20":0,"21":0,"22":0,"23":0,"24":0,"25":0,"26":0,"27":0,"28":0,"29":0,"30":0,"31":0,"32":0,"33":0,"34":0,"35":0,"36":0,"37":0,"38":0,"39":0,"40":0,"41":0,"42":0,"43":0,"44":0,"45":0,"46":0,"47":0,"48":0,"49":0,"50":0,"51":0,"52":0,"53":0,"54":0,"55":0,"56":0,"57":0,"58":0,"59":0,"60":0,"61":0,"62":0,"63":0,"64":0,"65":0,"66":0,"67":0,"68":0,"69":0,"70":0,"71":0,"72":0,"73":0,"74":0,"75":0,"76":0,"77":0,"78":0,"79":0,"80":0,"81":0,"82":0,"83":0,"84":0,"85":0,"86":0,"87":0,"88":0,"89":0,"90":0,"91":0,"92":0,"93":0,"94":0,"95":0,"96":0,"97":0,"98":0,"99":0,"100":0,"101":0,"102":0,"103":0,"104":0,"105":0,"106":0,"107":0,"108":0,"109":0,"110":0,"111":0,"112":0,"113":0,"114":0,"115":0,"116":0,"117":0,"118":0,"119":0,"120":0,"121":0,"122":0,"123":0,"124":0,"125":0,"126":0,"127":0,"128":0,"129":0,"130":0,"131":0,"132":0,"133":0,"134":0,"135":0,"136":0,"137":0,"138":0,"139":0,"140":0,"141":0,"142":0,"143":0,"144":0,"145":0,"146":0,"147":0,"148":0,"149":0,"150":0,"151":0,"152":0,"153":0,"154":0,"155":0,"156":0,"157":0,"158":0,"159":0,"160":0,"161":0,"162":0,"163":0,"164":0,"165":0,"166":0,"167":0,"168":0,"169":0,"170":0,"171":0,"172":0,"173":0,"174":0,"175":0,"176":0,"177":0,"178":0,"179":0,"180":0,"181":0,"182":0,"183":0,"184":0,"185":0,"186":0,"187":0,"188":0,"189":0,"190":0,"191":0,"192":0,"193":0,"194":0,"195":0,"196":0,"197":0,"198":0,"199":0,"200":0,"201":0,"202":0,"203":0,"204":0,"205":0,"206":0,"207":0,"208":0,"209":0,"210":0,"211":0,"212":0,"213":0,"214":0,"215":0,"216":0,"217":0,"218":0,"219":0,"220":0,"221":0,"222":0,"223":0,"224":0,"225":0,"226":0,"227":0,"228":0,"229":0,"230":0,"231":0,"232":0,"233":0,"234":0,"235":0,"236":0,"237":0,"238":0,"239":0,"240":0,"241":0,"242":0,"243":0,"244":0,"245":0,"246":0,"247":0,"248":0,"249":0,"250":0,"251":0,"252":0,"253":0,"254":0,"255":0,"256":0,"257":0,"258":0,"259":0,"260":0,"261":0,"262":0,"263":0,"264":0,"265":0,"266":0,"267":0,"268":0,"269":0,"270":0,"271":0,"272":0,"273":0,"274":0,"275":0,"276":0,"277":0,"278":0,"279":0,"280":0,"281":0,"282":0,"283":0,"284":0,"285":0,"286":0,"287":0,"288":0,"289":0,"290":0,"291":0,"292":0,"293":0,"294":0,"295":0,"296":0,"297":0,"298":0,"299":0,"300":0,"301":0,"302":0,"303":0,"304":0,"305":0,"306":0,"307":0,"308":0,"309":0,"310":0,"311":0,"312":0},"f":{"0":0,"1":0,"2":0,"3":0,"4":0,"5":0,"6":0,"7":0,"8":0,"9":0,"10":0,"11":0,"12":0,"13":0,"14":0,"15":0,"16":0,"17":0,"18":0,"19":0,"20":0,"21":0,"22":0,"23":0,"24":0,"25":0,"26":0,"27":0,"28":0,"29":0,"30":0,"31":0,"32":0,"33":0,"34":0,"35":0,"36":0,"37":0,"38":0,"39":0,"40":0,"41":0,"42":0,"43":0,"44":0,"45":0,"46":0,"47":0,"48":0,"49":0,"50":0,"51":0,"52":0,"53":0,"54":0},"b":{"0":[0,0],"1":[0,0],"2":[0,0],"3":[0,0],"4":[0,0],"5":[0,0],"6":[0,0],"7":[0,0],"8":[0,0],"9":[0,0],"10":[0,0],"11":[0,0],"12":[0,0],"13":[0,0],"14":[0,0],"15":[0,0],"16":[0,0],"17":[0,0],"18":[0,0],"19":[0,0],"20":[0,0],"21":[0,0],"22":[0,0],"23":[0,0],"24":[0,0,0],"25":[0,0],"26":[0,0],"27":[0,0],"28":[0,0],"29":[0,0],"30":[0,0],"31":[0,0],"32":[0,0],"33":[0,0],"34":[0,0],"35":[0,0],"36":[0,0],"37":[0,0],"38":[0,0,0],"39":[0,0],"40":[0,0],"41":[0,0],"42":[0,0],"43":[0,0],"44":[0,0],"45":[0,0],"46":[0,0],"47":[0,0],"48":[0,0],"49":[0,0],"50":[0,0],"51":[0,0],"52":[0,0],"53":[0,0],"54":[0,0],"55":[0,0],"56":[0,0],"57":[0,0],"58":[0,0],"59":[0,0],"60":[0,0],"61":[0,0],"62":[0,0],"63":[0,0],"64":[0,0],"65":[0,0],"66":[0,0],"67":[0,0],"68":[0,0],"69":[0,0],"70":[0,0],"71":[0,0],"72":[0,0],"73":[0,0],"74":[0,0],"75":[0,0],"76":[0,0],"77":[0,0]},"_coverageSchema":"1a1c01bbd47fc00a2c39e90264f33305004495a9","hash":"b7659f07d36067ec56e47cbf9b5d38c923034366"}
,"/home/simamnkele/Bb-SD-Projekt/js/selectRole.js": {"path":"/home/simamnkele/Bb-SD-Projekt/js/selectRole.js","statementMap":{"0":{"start":{"line":4,"column":23},"end":{"line":12,"column":3}},"1":{"start":{"line":13,"column":22},"end":{"line":13,"column":60}},"2":{"start":{"line":14,"column":13},"end":{"line":14,"column":28}},"3":{"start":{"line":15,"column":11},"end":{"line":15,"column":31}},"4":{"start":{"line":17,"column":15},"end":{"line":17,"column":47}},"5":{"start":{"line":20,"column":4},"end":{"line":48,"column":9}},"6":{"start":{"line":21,"column":6},"end":{"line":47,"column":7}},"7":{"start":{"line":22,"column":23},"end":{"line":22,"column":57}},"8":{"start":{"line":23,"column":28},"end":{"line":23,"column":46}},"9":{"start":{"line":25,"column":21},"end":{"line":25,"column":39}},"10":{"start":{"line":27,"column":8},"end":{"line":30,"column":9}},"11":{"start":{"line":28,"column":12},"end":{"line":28,"column":76}},"12":{"start":{"line":32,"column":8},"end":{"line":40,"column":9}},"13":{"start":{"line":33,"column":12},"end":{"line":33,"column":76}},"14":{"start":{"line":35,"column":13},"end":{"line":40,"column":9}},"15":{"start":{"line":36,"column":12},"end":{"line":36,"column":78}},"16":{"start":{"line":39,"column":12},"end":{"line":39,"column":76}},"17":{"start":{"line":44,"column":8},"end":{"line":44,"column":67}},"18":{"start":{"line":45,"column":8},"end":{"line":45,"column":30}},"19":{"start":{"line":46,"column":8},"end":{"line":46,"column":36}},"20":{"start":{"line":50,"column":0},"end":{"line":65,"column":3}},"21":{"start":{"line":51,"column":25},"end":{"line":51,"column":70}},"22":{"start":{"line":52,"column":23},"end":{"line":52,"column":25}},"23":{"start":{"line":53,"column":4},"end":{"line":56,"column":5}},"24":{"start":{"line":54,"column":8},"end":{"line":54,"column":62}},"25":{"start":{"line":55,"column":8},"end":{"line":55,"column":55}},"26":{"start":{"line":59,"column":4},"end":{"line":59,"column":43}},"27":{"start":{"line":61,"column":17},"end":{"line":61,"column":43}},"28":{"start":{"line":62,"column":3},"end":{"line":62,"column":33}},"29":{"start":{"line":63,"column":4},"end":{"line":63,"column":33}},"30":{"start":{"line":71,"column":21},"end":{"line":71,"column":27}},"31":{"start":{"line":73,"column":6},"end":{"line":96,"column":7}},"32":{"start":{"line":75,"column":21},"end":{"line":75,"column":55}},"33":{"start":{"line":77,"column":8},"end":{"line":92,"column":9}},"34":{"start":{"line":78,"column":30},"end":{"line":81,"column":11}},"35":{"start":{"line":82,"column":10},"end":{"line":82,"column":41}},"36":{"start":{"line":83,"column":10},"end":{"line":83,"column":52}},"37":{"start":{"line":85,"column":13},"end":{"line":92,"column":9}},"38":{"start":{"line":86,"column":30},"end":{"line":89,"column":11}},"39":{"start":{"line":90,"column":10},"end":{"line":90,"column":41}},"40":{"start":{"line":91,"column":10},"end":{"line":91,"column":54}},"41":{"start":{"line":95,"column":8},"end":{"line":95,"column":61}},"42":{"start":{"line":99,"column":4},"end":{"line":99,"column":23}}},"fnMap":{"0":{"name":"redirectUser","decl":{"start":{"line":19,"column":9},"end":{"line":19,"column":21}},"loc":{"start":{"line":19,"column":30},"end":{"line":49,"column":1}},"line":19},"1":{"name":"(anonymous_1)","decl":{"start":{"line":20,"column":12},"end":{"line":20,"column":13}},"loc":{"start":{"line":20,"column":24},"end":{"line":48,"column":5}},"line":20},"2":{"name":"(anonymous_2)","decl":{"start":{"line":50,"column":68},"end":{"line":50,"column":69}},"loc":{"start":{"line":50,"column":81},"end":{"line":65,"column":1}},"line":50},"3":{"name":"updateUsers","decl":{"start":{"line":69,"column":9},"end":{"line":69,"column":20}},"loc":{"start":{"line":69,"column":37},"end":{"line":100,"column":3}},"line":69},"4":{"name":"updateOccupation","decl":{"start":{"line":70,"column":19},"end":{"line":70,"column":35}},"loc":{"start":{"line":70,"column":38},"end":{"line":97,"column":5}},"line":70}},"branchMap":{"0":{"loc":{"start":{"line":27,"column":8},"end":{"line":30,"column":9}},"type":"if","locations":[{"start":{"line":27,"column":8},"end":{"line":30,"column":9}},{"start":{},"end":{}}],"line":27},"1":{"loc":{"start":{"line":27,"column":11},"end":{"line":27,"column":52}},"type":"binary-expr","locations":[{"start":{"line":27,"column":11},"end":{"line":27,"column":25}},{"start":{"line":27,"column":29},"end":{"line":27,"column":52}}],"line":27},"2":{"loc":{"start":{"line":32,"column":8},"end":{"line":40,"column":9}},"type":"if","locations":[{"start":{"line":32,"column":8},"end":{"line":40,"column":9}},{"start":{"line":35,"column":13},"end":{"line":40,"column":9}}],"line":32},"3":{"loc":{"start":{"line":32,"column":12},"end":{"line":32,"column":66}},"type":"binary-expr","locations":[{"start":{"line":32,"column":12},"end":{"line":32,"column":27}},{"start":{"line":32,"column":31},"end":{"line":32,"column":46}},{"start":{"line":32,"column":51},"end":{"line":32,"column":66}}],"line":32},"4":{"loc":{"start":{"line":35,"column":13},"end":{"line":40,"column":9}},"type":"if","locations":[{"start":{"line":35,"column":13},"end":{"line":40,"column":9}},{"start":{"line":38,"column":12},"end":{"line":40,"column":9}}],"line":35},"5":{"loc":{"start":{"line":35,"column":17},"end":{"line":35,"column":73}},"type":"binary-expr","locations":[{"start":{"line":35,"column":17},"end":{"line":35,"column":32}},{"start":{"line":35,"column":36},"end":{"line":35,"column":51}},{"start":{"line":35,"column":56},"end":{"line":35,"column":73}}],"line":35},"6":{"loc":{"start":{"line":53,"column":4},"end":{"line":56,"column":5}},"type":"if","locations":[{"start":{"line":53,"column":4},"end":{"line":56,"column":5}},{"start":{},"end":{}}],"line":53},"7":{"loc":{"start":{"line":77,"column":8},"end":{"line":92,"column":9}},"type":"if","locations":[{"start":{"line":77,"column":8},"end":{"line":92,"column":9}},{"start":{"line":85,"column":13},"end":{"line":92,"column":9}}],"line":77},"8":{"loc":{"start":{"line":85,"column":13},"end":{"line":92,"column":9}},"type":"if","locations":[{"start":{"line":85,"column":13},"end":{"line":92,"column":9}},{"start":{},"end":{}}],"line":85}},"s":{"0":2,"1":2,"2":2,"3":2,"4":2,"5":2,"6":2,"7":2,"8":2,"9":2,"10":2,"11":0,"12":2,"13":1,"14":1,"15":1,"16":0,"17":0,"18":0,"19":0,"20":2,"21":2,"22":2,"23":2,"24":2,"25":2,"26":2,"27":2,"28":2,"29":2,"30":2,"31":2,"32":2,"33":2,"34":1,"35":1,"36":1,"37":1,"38":1,"39":1,"40":1,"41":0,"42":2},"f":{"0":2,"1":2,"2":2,"3":2,"4":2},"b":{"0":[0,2],"1":[2,0],"2":[1,1],"3":[2,2,2],"4":[1,0],"5":[1,1,1],"6":[2,0],"7":[1,1],"8":[1,0]},"_coverageSchema":"1a1c01bbd47fc00a2c39e90264f33305004495a9","hash":"9875d8e866050bc0d2688460e84172ef29362397"}
}
