TN:
SF:js/dashboard.js
FN:20,displayUserInfo
FN:42,setupLogout
FN:45,(anonymous_2)
FN:46,(anonymous_3)
FN:51,(anonymous_4)
FN:60,initDashboard
FN:61,(anonymous_6)
FN:67,(anonymous_7)
FN:110,(anonymous_8)
FN:126,customizeDashboard
FNF:10
FNH:0
FNDA:0,displayUserInfo
FNDA:0,setupLogout
FNDA:0,(anonymous_2)
FNDA:0,(anonymous_3)
FNDA:0,(anonymous_4)
FNDA:0,initDashboard
FNDA:0,(anonymous_6)
FNDA:0,(anonymous_7)
FNDA:0,(anonymous_8)
FNDA:0,customizeDashboard
DA:3,2
DA:15,2
DA:16,2
DA:17,2
DA:22,0
DA:23,0
DA:24,0
DA:27,0
DA:28,0
DA:31,0
DA:32,0
DA:34,0
DA:38,0
DA:43,0
DA:44,0
DA:45,0
DA:46,0
DA:48,0
DA:50,0
DA:52,0
DA:53,0
DA:61,0
DA:62,0
DA:64,0
DA:67,0
DA:69,0
DA:72,0
DA:79,0
DA:82,0
DA:85,0
DA:86,0
DA:87,0
DA:90,0
DA:92,0
DA:93,0
DA:95,0
DA:96,0
DA:98,0
DA:102,0
DA:103,0
DA:104,0
DA:108,0
DA:111,0
DA:116,0
DA:117,0
DA:122,0
DA:128,0
DA:129,0
DA:132,0
DA:133,0
DA:135,0
DA:136,0
DA:138,0
DA:139,0
DA:141,0
DA:146,0
DA:147,0
DA:150,0
DA:176,0
DA:179,0
DA:205,0
DA:208,0
DA:214,2
LF:63
LH:5
BRDA:27,0,0,0
BRDA:27,0,1,0
BRDA:28,1,0,0
BRDA:28,1,1,0
BRDA:31,2,0,0
BRDA:31,2,1,0
BRDA:38,3,0,0
BRDA:38,3,1,0
BRDA:44,4,0,0
BRDA:44,4,1,0
BRDA:62,5,0,0
BRDA:62,5,1,0
BRDA:69,6,0,0
BRDA:69,6,1,0
BRDA:90,7,0,0
BRDA:90,7,1,0
BRDA:90,7,2,0
BRDA:102,8,0,0
BRDA:102,8,1,0
BRDA:132,9,0,0
BRDA:132,9,1,0
BRDA:133,10,0,0
BRDA:133,10,1,0
BRDA:133,10,2,0
BRDA:146,11,0,0
BRDA:146,11,1,0
BRDA:147,12,0,0
BRDA:147,12,1,0
BRDA:147,12,2,0
BRF:29
BRH:0
end_of_record
TN:
SF:js/login.js
FN:31,redirectUser
FN:32,(anonymous_1)
FN:76,(anonymous_2)
FN:80,(anonymous_3)
FN:88,(anonymous_4)
FN:93,(anonymous_5)
FN:100,(anonymous_6)
FN:105,(anonymous_7)
FN:113,(anonymous_8)
FNF:9
FNH:6
FNDA:5,redirectUser
FNDA:5,(anonymous_1)
FNDA:5,(anonymous_2)
FNDA:5,(anonymous_3)
FNDA:0,(anonymous_4)
FNDA:0,(anonymous_5)
FNDA:1,(anonymous_6)
FNDA:6,(anonymous_7)
FNDA:0,(anonymous_8)
DA:9,6
DA:24,6
DA:25,6
DA:26,6
DA:32,5
DA:33,5
DA:34,5
DA:35,5
DA:37,5
DA:38,4
DA:40,4
DA:41,1
DA:45,3
DA:46,1
DA:49,2
DA:50,1
DA:51,1
DA:52,0
DA:54,1
DA:55,0
DA:57,1
DA:58,1
DA:61,1
DA:62,1
DA:63,1
DA:66,0
DA:68,0
DA:69,0
DA:76,6
DA:77,5
DA:79,5
DA:81,5
DA:82,5
DA:83,5
DA:84,5
DA:86,5
DA:89,0
DA:90,0
DA:93,0
DA:94,0
DA:100,6
DA:101,1
DA:105,6
DA:106,6
DA:107,6
DA:110,6
DA:111,6
DA:114,0
DA:117,0
LF:49
LH:38
BRDA:37,0,0,4
BRDA:37,0,1,1
BRDA:40,1,0,1
BRDA:40,1,1,3
BRDA:45,2,0,1
BRDA:45,2,1,2
BRDA:45,3,0,3
BRDA:45,3,1,1
BRDA:49,4,0,1
BRDA:49,4,1,1
BRDA:51,5,0,0
BRDA:51,5,1,1
BRDA:51,6,0,1
BRDA:51,6,1,0
BRDA:54,7,0,0
BRDA:54,7,1,1
BRDA:54,8,0,1
BRDA:54,8,1,0
BRDA:57,9,0,1
BRDA:57,9,1,0
BRDA:61,10,0,1
BRDA:61,10,1,0
BRDA:106,11,0,6
BRDA:106,11,1,0
BRF:24
BRH:17
end_of_record
TN:
SF:js/script.js
FN:5,(anonymous_0)
FN:47,(anonymous_1)
FN:55,closeSidebarFunc
FN:71,(anonymous_3)
FN:78,(anonymous_4)
FN:85,(anonymous_5)
FN:92,(anonymous_6)
FN:100,(anonymous_7)
FN:107,(anonymous_8)
FN:119,(anonymous_9)
FN:129,(anonymous_10)
FN:139,performSearch
FN:148,(anonymous_12)
FN:154,(anonymous_13)
FN:166,(anonymous_14)
FN:186,showRecentSearches
FN:202,(anonymous_16)
FN:211,(anonymous_17)
FN:222,(anonymous_18)
FN:227,(anonymous_19)
FN:237,(anonymous_20)
FN:243,(anonymous_21)
FN:249,(anonymous_22)
FN:256,(anonymous_23)
FN:268,(anonymous_24)
FN:275,(anonymous_25)
FN:288,(anonymous_26)
FN:326,(anonymous_27)
FN:337,(anonymous_28)
FN:374,loadUserProjects
FN:385,(anonymous_30)
FN:427,searchProjects
FN:444,(anonymous_32)
FN:445,(anonymous_33)
FN:446,(anonymous_34)
FN:460,(anonymous_35)
FN:467,(anonymous_36)
FN:476,(anonymous_37)
FN:499,(anonymous_38)
FN:500,(anonymous_39)
FN:512,(anonymous_40)
FN:555,(anonymous_41)
FN:587,(anonymous_42)
FN:646,sendCollaborationRequest
FN:664,respondToRequest
FN:699,loadNotifications
FN:711,(anonymous_46)
FN:726,(anonymous_47)
FN:744,formatTimeAgo
FN:768,(anonymous_49)
FN:769,(anonymous_50)
FN:782,setupNotificationListener
FN:786,(anonymous_52)
FN:797,(anonymous_53)
FN:809,(anonymous_54)
FNF:55
FNH:0
FNDA:0,(anonymous_0)
FNDA:0,(anonymous_1)
FNDA:0,closeSidebarFunc
FNDA:0,(anonymous_3)
FNDA:0,(anonymous_4)
FNDA:0,(anonymous_5)
FNDA:0,(anonymous_6)
FNDA:0,(anonymous_7)
FNDA:0,(anonymous_8)
FNDA:0,(anonymous_9)
FNDA:0,(anonymous_10)
FNDA:0,performSearch
FNDA:0,(anonymous_12)
FNDA:0,(anonymous_13)
FNDA:0,(anonymous_14)
FNDA:0,showRecentSearches
FNDA:0,(anonymous_16)
FNDA:0,(anonymous_17)
FNDA:0,(anonymous_18)
FNDA:0,(anonymous_19)
FNDA:0,(anonymous_20)
FNDA:0,(anonymous_21)
FNDA:0,(anonymous_22)
FNDA:0,(anonymous_23)
FNDA:0,(anonymous_24)
FNDA:0,(anonymous_25)
FNDA:0,(anonymous_26)
FNDA:0,(anonymous_27)
FNDA:0,(anonymous_28)
FNDA:0,loadUserProjects
FNDA:0,(anonymous_30)
FNDA:0,searchProjects
FNDA:0,(anonymous_32)
FNDA:0,(anonymous_33)
FNDA:0,(anonymous_34)
FNDA:0,(anonymous_35)
FNDA:0,(anonymous_36)
FNDA:0,(anonymous_37)
FNDA:0,(anonymous_38)
FNDA:0,(anonymous_39)
FNDA:0,(anonymous_40)
FNDA:0,(anonymous_41)
FNDA:0,(anonymous_42)
FNDA:0,sendCollaborationRequest
FNDA:0,respondToRequest
FNDA:0,loadNotifications
FNDA:0,(anonymous_46)
FNDA:0,(anonymous_47)
FNDA:0,formatTimeAgo
FNDA:0,(anonymous_49)
FNDA:0,(anonymous_50)
FNDA:0,setupNotificationListener
FNDA:0,(anonymous_52)
FNDA:0,(anonymous_53)
FNDA:0,(anonymous_54)
DA:5,1
DA:6,0
DA:7,0
DA:8,0
DA:9,0
DA:11,0
DA:12,0
DA:13,0
DA:15,0
DA:16,0
DA:17,0
DA:18,0
DA:20,0
DA:22,0
DA:23,0
DA:24,0
DA:25,0
DA:26,0
DA:28,0
DA:29,0
DA:30,0
DA:31,0
DA:32,0
DA:34,0
DA:46,0
DA:47,0
DA:48,0
DA:49,0
DA:50,0
DA:56,0
DA:57,0
DA:58,0
DA:61,0
DA:62,0
DA:65,0
DA:66,0
DA:70,0
DA:71,0
DA:72,0
DA:77,0
DA:78,0
DA:79,0
DA:84,0
DA:85,0
DA:86,0
DA:91,0
DA:92,0
DA:93,0
DA:94,0
DA:99,0
DA:100,0
DA:101,0
DA:106,0
DA:107,0
DA:108,0
DA:109,0
DA:110,0
DA:117,0
DA:119,0
DA:120,0
DA:123,0
DA:124,0
DA:129,0
DA:130,0
DA:131,0
DA:134,0
DA:141,0
DA:142,0
DA:145,0
DA:148,0
DA:149,0
DA:152,0
DA:154,0
DA:155,0
DA:156,0
DA:159,0
DA:161,0
DA:166,0
DA:167,0
DA:168,0
DA:171,0
DA:175,0
DA:176,0
DA:177,0
DA:181,0
DA:188,0
DA:195,0
DA:197,0
DA:198,0
DA:202,0
DA:203,0
DA:204,0
DA:206,0
DA:211,0
DA:212,0
DA:213,0
DA:214,0
DA:215,0
DA:216,0
DA:221,0
DA:222,0
DA:223,0
DA:227,0
DA:229,0
DA:232,0
DA:237,0
DA:238,0
DA:242,0
DA:243,0
DA:244,0
DA:248,0
DA:249,0
DA:250,0
DA:255,0
DA:256,0
DA:257,0
DA:258,0
DA:260,0
DA:266,0
DA:267,0
DA:268,0
DA:269,0
DA:270,0
DA:275,0
DA:276,0
DA:277,0
DA:279,0
DA:280,0
DA:282,0
DA:283,0
DA:288,0
DA:289,0
DA:290,0
DA:324,0
DA:325,0
DA:326,0
DA:327,0
DA:330,0
DA:331,0
DA:337,0
DA:347,0
DA:349,0
DA:352,0
DA:353,0
DA:357,0
DA:360,0
DA:363,0
DA:364,0
DA:367,0
DA:368,0
DA:375,0
DA:376,0
DA:381,0
DA:382,0
DA:383,0
DA:385,0
DA:386,0
DA:387,0
DA:389,0
DA:390,0
DA:391,0
DA:418,0
DA:422,0
DA:428,0
DA:430,0
DA:437,0
DA:443,0
DA:444,0
DA:445,0
DA:446,0
DA:447,0
DA:451,0
DA:453,0
DA:454,0
DA:459,0
DA:460,0
DA:461,0
DA:462,0
DA:463,0
DA:464,0
DA:466,0
DA:467,0
DA:468,0
DA:469,0
DA:470,0
DA:476,0
DA:477,0
DA:480,0
DA:483,0
DA:484,0
DA:485,0
DA:489,0
DA:492,0
DA:498,0
DA:499,0
DA:500,0
DA:501,0
DA:502,0
DA:504,0
DA:511,0
DA:512,0
DA:513,0
DA:514,0
DA:516,0
DA:517,0
DA:518,0
DA:519,0
DA:520,0
DA:523,0
DA:526,0
DA:529,0
DA:530,0
DA:546,0
DA:553,0
DA:554,0
DA:555,0
DA:556,0
DA:559,0
DA:560,0
DA:562,0
DA:563,0
DA:564,0
DA:568,0
DA:571,0
DA:572,0
DA:576,0
DA:577,0
DA:580,0
DA:585,0
DA:586,0
DA:587,0
DA:588,0
DA:590,0
DA:591,0
DA:594,0
DA:597,0
DA:647,0
DA:648,0
DA:656,0
DA:658,0
DA:659,0
DA:665,0
DA:666,0
DA:671,0
DA:673,0
DA:674,0
DA:676,0
DA:681,0
DA:691,0
DA:693,0
DA:694,0
DA:700,0
DA:701,0
DA:707,0
DA:708,0
DA:709,0
DA:711,0
DA:712,0
DA:714,0
DA:715,0
DA:716,0
DA:726,0
DA:728,0
DA:730,0
DA:731,0
DA:735,0
DA:739,0
DA:745,0
DA:747,0
DA:748,0
DA:750,0
DA:751,0
DA:753,0
DA:754,0
DA:756,0
DA:757,0
DA:759,0
DA:760,0
DA:762,0
DA:766,0
DA:767,0
DA:768,0
DA:769,0
DA:770,0
DA:771,0
DA:772,0
DA:773,0
DA:774,0
DA:777,0
DA:783,0
DA:787,0
DA:788,0
DA:789,0
DA:790,0
DA:791,0
DA:797,0
DA:798,0
DA:799,0
DA:802,0
DA:807,0
DA:808,0
DA:809,0
DA:810,0
DA:812,0
DA:814,0
DA:815,0
LF:306
LH:1
BRDA:46,0,0,0
BRDA:46,0,1,0
BRDA:61,1,0,0
BRDA:61,1,1,0
BRDA:65,2,0,0
BRDA:65,2,1,0
BRDA:70,3,0,0
BRDA:70,3,1,0
BRDA:77,4,0,0
BRDA:77,4,1,0
BRDA:84,5,0,0
BRDA:84,5,1,0
BRDA:91,6,0,0
BRDA:91,6,1,0
BRDA:99,7,0,0
BRDA:99,7,1,0
BRDA:106,8,0,0
BRDA:106,8,1,0
BRDA:106,9,0,0
BRDA:106,9,1,0
BRDA:109,10,0,0
BRDA:109,10,1,0
BRDA:117,11,0,0
BRDA:117,11,1,0
BRDA:117,12,0,0
BRDA:117,12,1,0
BRDA:123,13,0,0
BRDA:123,13,1,0
BRDA:130,14,0,0
BRDA:130,14,1,0
BRDA:152,15,0,0
BRDA:152,15,1,0
BRDA:159,16,0,0
BRDA:159,16,1,0
BRDA:195,17,0,0
BRDA:195,17,1,0
BRDA:195,18,0,0
BRDA:195,18,1,0
BRDA:197,19,0,0
BRDA:197,19,1,0
BRDA:203,20,0,0
BRDA:203,20,1,0
BRDA:221,21,0,0
BRDA:221,21,1,0
BRDA:221,22,0,0
BRDA:221,22,1,0
BRDA:229,23,0,0
BRDA:229,23,1,0
BRDA:229,24,0,0
BRDA:229,24,1,0
BRDA:229,24,2,0
BRDA:242,25,0,0
BRDA:242,25,1,0
BRDA:248,26,0,0
BRDA:248,26,1,0
BRDA:255,27,0,0
BRDA:255,27,1,0
BRDA:255,28,0,0
BRDA:255,28,1,0
BRDA:257,29,0,0
BRDA:257,29,1,0
BRDA:267,30,0,0
BRDA:267,30,1,0
BRDA:276,31,0,0
BRDA:276,31,1,0
BRDA:276,32,0,0
BRDA:276,32,1,0
BRDA:279,33,0,0
BRDA:279,33,1,0
BRDA:279,34,0,0
BRDA:279,34,1,0
BRDA:282,35,0,0
BRDA:282,35,1,0
BRDA:282,36,0,0
BRDA:282,36,1,0
BRDA:289,37,0,0
BRDA:289,37,1,0
BRDA:289,38,0,0
BRDA:289,38,1,0
BRDA:289,38,2,0
BRDA:325,39,0,0
BRDA:325,39,1,0
BRDA:352,40,0,0
BRDA:352,40,1,0
BRDA:363,41,0,0
BRDA:363,41,1,0
BRDA:382,42,0,0
BRDA:382,42,1,0
BRDA:446,43,0,0
BRDA:446,43,1,0
BRDA:459,44,0,0
BRDA:459,44,1,0
BRDA:459,45,0,0
BRDA:459,45,1,0
BRDA:461,46,0,0
BRDA:461,46,1,0
BRDA:466,47,0,0
BRDA:466,47,1,0
BRDA:498,48,0,0
BRDA:498,48,1,0
BRDA:501,49,0,0
BRDA:501,49,1,0
BRDA:511,50,0,0
BRDA:511,50,1,0
BRDA:516,51,0,0
BRDA:516,51,1,0
BRDA:519,52,0,0
BRDA:519,52,1,0
BRDA:554,53,0,0
BRDA:554,53,1,0
BRDA:563,54,0,0
BRDA:563,54,1,0
BRDA:571,55,0,0
BRDA:571,55,1,0
BRDA:586,56,0,0
BRDA:586,56,1,0
BRDA:671,57,0,0
BRDA:671,57,1,0
BRDA:708,58,0,0
BRDA:708,58,1,0
BRDA:715,59,0,0
BRDA:715,59,1,0
BRDA:718,60,0,0
BRDA:718,60,1,0
BRDA:730,61,0,0
BRDA:730,61,1,0
BRDA:748,62,0,0
BRDA:748,62,1,0
BRDA:748,63,0,0
BRDA:748,63,1,0
BRDA:751,64,0,0
BRDA:751,64,1,0
BRDA:751,65,0,0
BRDA:751,65,1,0
BRDA:754,66,0,0
BRDA:754,66,1,0
BRDA:754,67,0,0
BRDA:754,67,1,0
BRDA:757,68,0,0
BRDA:757,68,1,0
BRDA:757,69,0,0
BRDA:757,69,1,0
BRDA:760,70,0,0
BRDA:760,70,1,0
BRDA:760,71,0,0
BRDA:760,71,1,0
BRDA:767,72,0,0
BRDA:767,72,1,0
BRDA:789,73,0,0
BRDA:789,73,1,0
BRDA:791,74,0,0
BRDA:791,74,1,0
BRDA:798,75,0,0
BRDA:798,75,1,0
BRDA:808,76,0,0
BRDA:808,76,1,0
BRDA:810,77,0,0
BRDA:810,77,1,0
BRF:158
BRH:0
end_of_record
TN:
SF:js/selectRole.js
FN:19,redirectUser
FN:20,(anonymous_1)
FN:50,(anonymous_2)
FN:69,updateUsers
FN:70,updateOccupation
FNF:5
FNH:5
FNDA:2,redirectUser
FNDA:2,(anonymous_1)
FNDA:2,(anonymous_2)
FNDA:2,updateUsers
FNDA:2,updateOccupation
DA:4,2
DA:13,2
DA:14,2
DA:15,2
DA:17,2
DA:20,2
DA:21,2
DA:22,2
DA:23,2
DA:25,2
DA:27,2
DA:28,0
DA:32,2
DA:33,1
DA:35,1
DA:36,1
DA:39,0
DA:44,0
DA:45,0
DA:46,0
DA:50,2
DA:51,2
DA:52,2
DA:53,2
DA:54,2
DA:55,2
DA:59,2
DA:61,2
DA:62,2
DA:63,2
DA:71,2
DA:73,2
DA:75,2
DA:77,2
DA:78,1
DA:82,1
DA:83,1
DA:85,1
DA:86,1
DA:90,1
DA:91,1
DA:95,0
DA:99,2
LF:43
LH:37
BRDA:27,0,0,0
BRDA:27,0,1,2
BRDA:27,1,0,2
BRDA:27,1,1,0
BRDA:32,2,0,1
BRDA:32,2,1,1
BRDA:32,3,0,2
BRDA:32,3,1,2
BRDA:32,3,2,2
BRDA:35,4,0,1
BRDA:35,4,1,0
BRDA:35,5,0,1
BRDA:35,5,1,1
BRDA:35,5,2,1
BRDA:53,6,0,2
BRDA:53,6,1,0
BRDA:77,7,0,1
BRDA:77,7,1,1
BRDA:85,8,0,1
BRDA:85,8,1,0
BRF:20
BRH:15
end_of_record
